#
# A fatal error has been detected by the Java Runtime Environment:
#
#  EXCEPTION_ACCESS_VIOLATION (0xc0000005) at pc=0x0000000180012df1, pid=23116, tid=8016
#
# JRE version: Java(TM) SE Runtime Environment 18.9 (11.0.10+8) (build 11.0.10+8-LTS-162)
# Java VM: Java HotSpot(TM) 64-Bit Server VM 18.9 (11.0.10+8-LTS-162, mixed mode, tiered, compressed oops, g1 gc, windows-amd64)
# Problematic frame:
# C  [jacob-1.14.3-x64.dll+0x12df1]
#
# No core dump will be written. Minidumps are not enabled by default on client versions of Windows
#
# If you would like to submit a bug report, please visit:
#   https://bugreport.java.com/bugreport/crash.jsp
# The crash happened outside the Java Virtual Machine in native code.
# See problematic frame for where to report the bug.
#

---------------  S U M M A R Y ------------

Command Line: -javaagent:E:\202003idea\IntelliJ IDEA 2020.3.3\lib\idea_rt.jar=65530:E:\202003idea\IntelliJ IDEA 2020.3.3\bin -Dfile.encoding=UTF-8 com.happy.javautil.PrintTest

Host: Intel(R) Core(TM) i5-8500 CPU @ 3.00GHz, 6 cores, 15G,  Windows 10 , 64 bit Build 19041 (10.0.19041.1151)
Time: Mon Sep  6 18:15:18 2021 中国标准时间 elapsed time: 4.029904 seconds (0d 0h 0m 4s)

---------------  T H R E A D  ---------------

Current thread (0x0000016b560df000):  JavaThread "main" [_thread_in_native, id=8016, stack(0x0000004885500000,0x0000004885600000)]

Stack: [0x0000004885500000,0x0000004885600000],  sp=0x00000048855fe940,  free space=1018k
Native frames: (J=compiled Java code, j=interpreted, Vv=VM code, C=native code)
C  [jacob-1.14.3-x64.dll+0x12df1]

Java frames: (J=compiled Java code, j=interpreted, Vv=VM code)
j  com.jacob.com.Variant.getVariantType()S+0
j  com.jacob.com.Variant.getvt()S+8
j  com.jacob.com.Variant.putBoolean(Z)V+1
j  com.jacob.com.VariantUtilities.populateVariant(Lcom/jacob/com/Variant;Ljava/lang/Object;Z)V+155
j  com.jacob.com.Variant.<init>(Ljava/lang/Object;Z)V+16
j  com.jacob.com.Variant.<init>(Ljava/lang/Object;)V+3
j  com.jacob.com.Variant.<init>(Z)V+9
j  com.jacob.com.Variant.<clinit>()V+5
v  ~StubRoutines::call_stub
j  com.happy.javautil.PrintTest.printWord(Ljava/io/File;Ljava/lang/String;)V+26
j  com.happy.javautil.PrintTest.main([Ljava/lang/String;)V+15
v  ~StubRoutines::call_stub

siginfo: EXCEPTION_ACCESS_VIOLATION (0xc0000005), reading address 0x000000007ab642f0


Register to memory mapping:

RIP=0x0000000180012df1 jacob-1.14.3-x64.dll
RAX=0x000000007ab642f0 is an unknown value
RBX=0x00000048855fea00 is pointing into the stack for thread: 0x0000016b560df000
RCX=0x000000007ab642f0 is an unknown value
RDX=0x00000048855fea00 is pointing into the stack for thread: 0x0000016b560df000
RSP=0x00000048855fe940 is pointing into the stack for thread: 0x0000016b560df000
RBP=0x00000048855fe9e0 is pointing into the stack for thread: 0x0000016b560df000
RSI=0x0 is NULL
RDI=0x0000016b560df348 points into unknown readable memory: 00 7d 50 9d fd 7f 00 00
R8 =0x0000000000000032 is an unknown value
R9 =0x000000071271c850 is an oop: com.jacob.com.Variant 
{0x000000071271c850} - klass: 'com/jacob/com/Variant'
R10=0x000000000000001a is an unknown value
R11=0x00007ffd9d583a5c jvm.dll
R12=0x0 is NULL
R13={method} {0x0000016b79cd55a8} 'getVariantType' '()S' in 'com/jacob/com/Variant'
R14=0x00000048855fea00 is pointing into the stack for thread: 0x0000016b560df000
R15=0x0000016b560df000 is a thread


Registers:
RAX=0x000000007ab642f0, RBX=0x00000048855fea00, RCX=0x000000007ab642f0, RDX=0x00000048855fea00
RSP=0x00000048855fe940, RBP=0x00000048855fe9e0, RSI=0x0000000000000000, RDI=0x0000016b560df348
R8 =0x0000000000000032, R9 =0x000000071271c850, R10=0x000000000000001a, R11=0x00007ffd9d583a5c
R12=0x0000000000000000, R13=0x0000016b79cd55a0, R14=0x00000048855fea00, R15=0x0000016b560df000
RIP=0x0000000180012df1, EFLAGS=0x0000000000010206

Top of Stack: (sp=0x00000048855fe940)
0x00000048855fe940:   00000048855fea00 00000048855fe9e0
0x00000048855fe950:   0000000000000000 0000016b560df348
0x00000048855fe960:   0000016b5e57a127 0000016b5e57f377
0x00000048855fe970:   0000016b79cd55a0 0000016b79cd55a0
0x00000048855fe980:   00000048855fe9e0 0000000000000000
0x00000048855fe990:   0000016b5e57f016 00000048855fe998
0x00000048855fe9a0:   0000016b79cd55a0 00000048855fea00
0x00000048855fe9b0:   0000016b79cda948 0000000000000000
0x00000048855fe9c0:   000000071271c300 0000016b79cd55a0
0x00000048855fe9d0:   0000000000000000 00000048855fea00
0x00000048855fe9e0:   00000048855fea50 0000016b5e579a70
0x00000048855fe9f0:   0000000000000000 0000016b5e57c2f2
0x00000048855fea00:   000000071271c850 00000048855fea08
0x00000048855fea10:   0000016b79cd56e8 00000048855fea60
0x00000048855fea20:   0000016b79cda948 0000000000000000
0x00000048855fea30:   000000071271c300 0000016b79cd5710 

Instructions: (pc=0x0000000180012df1)
0x0000000180012dd1:   ff 92 f0 02 00 00 4c 8b 0f 48 8b d3 4c 8b c0 48
0x0000000180012de1:   8b cf 41 ff 91 20 03 00 00 85 c0 48 63 c8 74 0e
0x0000000180012df1:   66 8b 01 48 8b 5c 24 30 48 83 c4 20 5f c3 66 33
0x0000000180012e01:   c0 48 8b 5c 24 30 48 83 c4 20 5f c3 cc cc cc 48 


Stack slot to memory mapping:
stack at sp + 0 slots: 0x00000048855fea00 is pointing into the stack for thread: 0x0000016b560df000
stack at sp + 1 slots: 0x00000048855fe9e0 is pointing into the stack for thread: 0x0000016b560df000
stack at sp + 2 slots: 0x0 is NULL
stack at sp + 3 slots: 0x0000016b560df348 points into unknown readable memory: 00 7d 50 9d fd 7f 00 00
stack at sp + 4 slots: 0x0000016b5e57a127 is at code_begin+2343 in an Interpreter codelet
invoke return entry points  [0x0000016b5e579800, 0x0000016b5e57a200]  2560 bytes
stack at sp + 5 slots: 0x0000016b5e57f377 is at code_begin+1047 in an Interpreter codelet
method entry point (kind = native)  [0x0000016b5e57ef60, 0x0000016b5e57fa00]  2720 bytes
stack at sp + 6 slots: {method} {0x0000016b79cd55a8} 'getVariantType' '()S' in 'com/jacob/com/Variant'
stack at sp + 7 slots: {method} {0x0000016b79cd55a8} 'getVariantType' '()S' in 'com/jacob/com/Variant'


---------------  P R O C E S S  ---------------

Threads class SMR info:
_java_thread_list=0x0000016b7a44c7e0, length=11, elements={
0x0000016b560df000, 0x0000016b79eb8800, 0x0000016b79eb9800, 0x0000016b79f32800,
0x0000016b79f34800, 0x0000016b79f36000, 0x0000016b79f37000, 0x0000016b79f47800,
0x0000016b79e50800, 0x0000016b7a5bb000, 0x0000016b7a5bc000
}

Java Threads: ( => current thread )
=>0x0000016b560df000 JavaThread "main" [_thread_in_native, id=8016, stack(0x0000004885500000,0x0000004885600000)]
  0x0000016b79eb8800 JavaThread "Reference Handler" daemon [_thread_blocked, id=23124, stack(0x0000004885c00000,0x0000004885d00000)]
  0x0000016b79eb9800 JavaThread "Finalizer" daemon [_thread_blocked, id=20772, stack(0x0000004885d00000,0x0000004885e00000)]
  0x0000016b79f32800 JavaThread "Signal Dispatcher" daemon [_thread_blocked, id=18004, stack(0x0000004885e00000,0x0000004885f00000)]
  0x0000016b79f34800 JavaThread "Attach Listener" daemon [_thread_blocked, id=19072, stack(0x0000004885f00000,0x0000004886000000)]
  0x0000016b79f36000 JavaThread "C2 CompilerThread0" daemon [_thread_blocked, id=18852, stack(0x0000004886000000,0x0000004886100000)]
  0x0000016b79f37000 JavaThread "C1 CompilerThread0" daemon [_thread_blocked, id=23960, stack(0x0000004886100000,0x0000004886200000)]
  0x0000016b79f47800 JavaThread "Sweeper thread" daemon [_thread_blocked, id=24464, stack(0x0000004886200000,0x0000004886300000)]
  0x0000016b79e50800 JavaThread "Common-Cleaner" daemon [_thread_blocked, id=22868, stack(0x0000004886300000,0x0000004886400000)]
  0x0000016b7a5bb000 JavaThread "Monitor Ctrl-Break" daemon [_thread_in_native, id=20096, stack(0x0000004886500000,0x0000004886600000)]
  0x0000016b7a5bc000 JavaThread "Service Thread" daemon [_thread_blocked, id=24112, stack(0x0000004886600000,0x0000004886700000)]

Other Threads:
  0x0000016b79e95800 VMThread "VM Thread" [stack: 0x0000004885b00000,0x0000004885c00000] [id=22124]
  0x0000016b7a5c1000 WatcherThread [stack: 0x0000004886700000,0x0000004886800000] [id=18328]
  0x0000016b560f4000 GCTaskThread "GC Thread#0" [stack: 0x0000004885600000,0x0000004885700000] [id=22780]
  0x0000016b5614e000 ConcurrentGCThread "G1 Main Marker" [stack: 0x0000004885700000,0x0000004885800000] [id=24400]
  0x0000016b5614f800 ConcurrentGCThread "G1 Conc#0" [stack: 0x0000004885800000,0x0000004885900000] [id=23876]
  0x0000016b794f5800 ConcurrentGCThread "G1 Refine#0" [stack: 0x0000004885900000,0x0000004885a00000] [id=21020]
  0x0000016b794f6000 ConcurrentGCThread "G1 Young RemSet Sampling" [stack: 0x0000004885a00000,0x0000004885b00000] [id=7152]

Threads with active compile tasks:

VM state:not at safepoint (normal execution)

VM Mutex/Monitor currently owned by a thread: None

Heap address: 0x0000000703200000, size: 4046 MB, Compressed Oops mode: Zero based, Oop shift amount: 3
Narrow klass base: 0x0000000800000000, Narrow klass shift: 0
Compressed class space size: 1073741824 Address: 0x0000000800000000

Heap:
 garbage-first heap   total 260096K, used 8192K [0x0000000703200000, 0x0000000800000000)
  region size 1024K, 10 young (10240K), 0 survivors (0K)
 Metaspace       used 8055K, capacity 8190K, committed 8448K, reserved 1056768K
  class space    used 701K, capacity 748K, committed 768K, reserved 1048576K
Heap Regions: E=young(eden), S=young(survivor), O=old, HS=humongous(starts), HC=humongous(continues), CS=collection set, F=free, A=archive, TAMS=top-at-mark-start (previous, next)
|   0|0x0000000703200000, 0x0000000703200000, 0x0000000703300000|  0%| F|  |TAMS 0x0000000703200000, 0x0000000703200000| Untracked 
|   1|0x0000000703300000, 0x0000000703300000, 0x0000000703400000|  0%| F|  |TAMS 0x0000000703300000, 0x0000000703300000| Untracked 
|   2|0x0000000703400000, 0x0000000703400000, 0x0000000703500000|  0%| F|  |TAMS 0x0000000703400000, 0x0000000703400000| Untracked 
|   3|0x0000000703500000, 0x0000000703500000, 0x0000000703600000|  0%| F|  |TAMS 0x0000000703500000, 0x0000000703500000| Untracked 
|   4|0x0000000703600000, 0x0000000703600000, 0x0000000703700000|  0%| F|  |TAMS 0x0000000703600000, 0x0000000703600000| Untracked 
|   5|0x0000000703700000, 0x0000000703700000, 0x0000000703800000|  0%| F|  |TAMS 0x0000000703700000, 0x0000000703700000| Untracked 
|   6|0x0000000703800000, 0x0000000703800000, 0x0000000703900000|  0%| F|  |TAMS 0x0000000703800000, 0x0000000703800000| Untracked 
|   7|0x0000000703900000, 0x0000000703900000, 0x0000000703a00000|  0%| F|  |TAMS 0x0000000703900000, 0x0000000703900000| Untracked 
|   8|0x0000000703a00000, 0x0000000703a00000, 0x0000000703b00000|  0%| F|  |TAMS 0x0000000703a00000, 0x0000000703a00000| Untracked 
|   9|0x0000000703b00000, 0x0000000703b00000, 0x0000000703c00000|  0%| F|  |TAMS 0x0000000703b00000, 0x0000000703b00000| Untracked 
|  10|0x0000000703c00000, 0x0000000703c00000, 0x0000000703d00000|  0%| F|  |TAMS 0x0000000703c00000, 0x0000000703c00000| Untracked 
|  11|0x0000000703d00000, 0x0000000703d00000, 0x0000000703e00000|  0%| F|  |TAMS 0x0000000703d00000, 0x0000000703d00000| Untracked 
|  12|0x0000000703e00000, 0x0000000703e00000, 0x0000000703f00000|  0%| F|  |TAMS 0x0000000703e00000, 0x0000000703e00000| Untracked 
|  13|0x0000000703f00000, 0x0000000703f00000, 0x0000000704000000|  0%| F|  |TAMS 0x0000000703f00000, 0x0000000703f00000| Untracked 
|  14|0x0000000704000000, 0x0000000704000000, 0x0000000704100000|  0%| F|  |TAMS 0x0000000704000000, 0x0000000704000000| Untracked 
|  15|0x0000000704100000, 0x0000000704100000, 0x0000000704200000|  0%| F|  |TAMS 0x0000000704100000, 0x0000000704100000| Untracked 
|  16|0x0000000704200000, 0x0000000704200000, 0x0000000704300000|  0%| F|  |TAMS 0x0000000704200000, 0x0000000704200000| Untracked 
|  17|0x0000000704300000, 0x0000000704300000, 0x0000000704400000|  0%| F|  |TAMS 0x0000000704300000, 0x0000000704300000| Untracked 
|  18|0x0000000704400000, 0x0000000704400000, 0x0000000704500000|  0%| F|  |TAMS 0x0000000704400000, 0x0000000704400000| Untracked 
|  19|0x0000000704500000, 0x0000000704500000, 0x0000000704600000|  0%| F|  |TAMS 0x0000000704500000, 0x0000000704500000| Untracked 
|  20|0x0000000704600000, 0x0000000704600000, 0x0000000704700000|  0%| F|  |TAMS 0x0000000704600000, 0x0000000704600000| Untracked 
|  21|0x0000000704700000, 0x0000000704700000, 0x0000000704800000|  0%| F|  |TAMS 0x0000000704700000, 0x0000000704700000| Untracked 
|  22|0x0000000704800000, 0x0000000704800000, 0x0000000704900000|  0%| F|  |TAMS 0x0000000704800000, 0x0000000704800000| Untracked 
|  23|0x0000000704900000, 0x0000000704900000, 0x0000000704a00000|  0%| F|  |TAMS 0x0000000704900000, 0x0000000704900000| Untracked 
|  24|0x0000000704a00000, 0x0000000704a00000, 0x0000000704b00000|  0%| F|  |TAMS 0x0000000704a00000, 0x0000000704a00000| Untracked 
|  25|0x0000000704b00000, 0x0000000704b00000, 0x0000000704c00000|  0%| F|  |TAMS 0x0000000704b00000, 0x0000000704b00000| Untracked 
|  26|0x0000000704c00000, 0x0000000704c00000, 0x0000000704d00000|  0%| F|  |TAMS 0x0000000704c00000, 0x0000000704c00000| Untracked 
|  27|0x0000000704d00000, 0x0000000704d00000, 0x0000000704e00000|  0%| F|  |TAMS 0x0000000704d00000, 0x0000000704d00000| Untracked 
|  28|0x0000000704e00000, 0x0000000704e00000, 0x0000000704f00000|  0%| F|  |TAMS 0x0000000704e00000, 0x0000000704e00000| Untracked 
|  29|0x0000000704f00000, 0x0000000704f00000, 0x0000000705000000|  0%| F|  |TAMS 0x0000000704f00000, 0x0000000704f00000| Untracked 
|  30|0x0000000705000000, 0x0000000705000000, 0x0000000705100000|  0%| F|  |TAMS 0x0000000705000000, 0x0000000705000000| Untracked 
|  31|0x0000000705100000, 0x0000000705100000, 0x0000000705200000|  0%| F|  |TAMS 0x0000000705100000, 0x0000000705100000| Untracked 
|  32|0x0000000705200000, 0x0000000705200000, 0x0000000705300000|  0%| F|  |TAMS 0x0000000705200000, 0x0000000705200000| Untracked 
|  33|0x0000000705300000, 0x0000000705300000, 0x0000000705400000|  0%| F|  |TAMS 0x0000000705300000, 0x0000000705300000| Untracked 
|  34|0x0000000705400000, 0x0000000705400000, 0x0000000705500000|  0%| F|  |TAMS 0x0000000705400000, 0x0000000705400000| Untracked 
|  35|0x0000000705500000, 0x0000000705500000, 0x0000000705600000|  0%| F|  |TAMS 0x0000000705500000, 0x0000000705500000| Untracked 
|  36|0x0000000705600000, 0x0000000705600000, 0x0000000705700000|  0%| F|  |TAMS 0x0000000705600000, 0x0000000705600000| Untracked 
|  37|0x0000000705700000, 0x0000000705700000, 0x0000000705800000|  0%| F|  |TAMS 0x0000000705700000, 0x0000000705700000| Untracked 
|  38|0x0000000705800000, 0x0000000705800000, 0x0000000705900000|  0%| F|  |TAMS 0x0000000705800000, 0x0000000705800000| Untracked 
|  39|0x0000000705900000, 0x0000000705900000, 0x0000000705a00000|  0%| F|  |TAMS 0x0000000705900000, 0x0000000705900000| Untracked 
|  40|0x0000000705a00000, 0x0000000705a00000, 0x0000000705b00000|  0%| F|  |TAMS 0x0000000705a00000, 0x0000000705a00000| Untracked 
|  41|0x0000000705b00000, 0x0000000705b00000, 0x0000000705c00000|  0%| F|  |TAMS 0x0000000705b00000, 0x0000000705b00000| Untracked 
|  42|0x0000000705c00000, 0x0000000705c00000, 0x0000000705d00000|  0%| F|  |TAMS 0x0000000705c00000, 0x0000000705c00000| Untracked 
|  43|0x0000000705d00000, 0x0000000705d00000, 0x0000000705e00000|  0%| F|  |TAMS 0x0000000705d00000, 0x0000000705d00000| Untracked 
|  44|0x0000000705e00000, 0x0000000705e00000, 0x0000000705f00000|  0%| F|  |TAMS 0x0000000705e00000, 0x0000000705e00000| Untracked 
|  45|0x0000000705f00000, 0x0000000705f00000, 0x0000000706000000|  0%| F|  |TAMS 0x0000000705f00000, 0x0000000705f00000| Untracked 
|  46|0x0000000706000000, 0x0000000706000000, 0x0000000706100000|  0%| F|  |TAMS 0x0000000706000000, 0x0000000706000000| Untracked 
|  47|0x0000000706100000, 0x0000000706100000, 0x0000000706200000|  0%| F|  |TAMS 0x0000000706100000, 0x0000000706100000| Untracked 
|  48|0x0000000706200000, 0x0000000706200000, 0x0000000706300000|  0%| F|  |TAMS 0x0000000706200000, 0x0000000706200000| Untracked 
|  49|0x0000000706300000, 0x0000000706300000, 0x0000000706400000|  0%| F|  |TAMS 0x0000000706300000, 0x0000000706300000| Untracked 
|  50|0x0000000706400000, 0x0000000706400000, 0x0000000706500000|  0%| F|  |TAMS 0x0000000706400000, 0x0000000706400000| Untracked 
|  51|0x0000000706500000, 0x0000000706500000, 0x0000000706600000|  0%| F|  |TAMS 0x0000000706500000, 0x0000000706500000| Untracked 
|  52|0x0000000706600000, 0x0000000706600000, 0x0000000706700000|  0%| F|  |TAMS 0x0000000706600000, 0x0000000706600000| Untracked 
|  53|0x0000000706700000, 0x0000000706700000, 0x0000000706800000|  0%| F|  |TAMS 0x0000000706700000, 0x0000000706700000| Untracked 
|  54|0x0000000706800000, 0x0000000706800000, 0x0000000706900000|  0%| F|  |TAMS 0x0000000706800000, 0x0000000706800000| Untracked 
|  55|0x0000000706900000, 0x0000000706900000, 0x0000000706a00000|  0%| F|  |TAMS 0x0000000706900000, 0x0000000706900000| Untracked 
|  56|0x0000000706a00000, 0x0000000706a00000, 0x0000000706b00000|  0%| F|  |TAMS 0x0000000706a00000, 0x0000000706a00000| Untracked 
|  57|0x0000000706b00000, 0x0000000706b00000, 0x0000000706c00000|  0%| F|  |TAMS 0x0000000706b00000, 0x0000000706b00000| Untracked 
|  58|0x0000000706c00000, 0x0000000706c00000, 0x0000000706d00000|  0%| F|  |TAMS 0x0000000706c00000, 0x0000000706c00000| Untracked 
|  59|0x0000000706d00000, 0x0000000706d00000, 0x0000000706e00000|  0%| F|  |TAMS 0x0000000706d00000, 0x0000000706d00000| Untracked 
|  60|0x0000000706e00000, 0x0000000706e00000, 0x0000000706f00000|  0%| F|  |TAMS 0x0000000706e00000, 0x0000000706e00000| Untracked 
|  61|0x0000000706f00000, 0x0000000706f00000, 0x0000000707000000|  0%| F|  |TAMS 0x0000000706f00000, 0x0000000706f00000| Untracked 
|  62|0x0000000707000000, 0x0000000707000000, 0x0000000707100000|  0%| F|  |TAMS 0x0000000707000000, 0x0000000707000000| Untracked 
|  63|0x0000000707100000, 0x0000000707100000, 0x0000000707200000|  0%| F|  |TAMS 0x0000000707100000, 0x0000000707100000| Untracked 
|  64|0x0000000707200000, 0x0000000707200000, 0x0000000707300000|  0%| F|  |TAMS 0x0000000707200000, 0x0000000707200000| Untracked 
|  65|0x0000000707300000, 0x0000000707300000, 0x0000000707400000|  0%| F|  |TAMS 0x0000000707300000, 0x0000000707300000| Untracked 
|  66|0x0000000707400000, 0x0000000707400000, 0x0000000707500000|  0%| F|  |TAMS 0x0000000707400000, 0x0000000707400000| Untracked 
|  67|0x0000000707500000, 0x0000000707500000, 0x0000000707600000|  0%| F|  |TAMS 0x0000000707500000, 0x0000000707500000| Untracked 
|  68|0x0000000707600000, 0x0000000707600000, 0x0000000707700000|  0%| F|  |TAMS 0x0000000707600000, 0x0000000707600000| Untracked 
|  69|0x0000000707700000, 0x0000000707700000, 0x0000000707800000|  0%| F|  |TAMS 0x0000000707700000, 0x0000000707700000| Untracked 
|  70|0x0000000707800000, 0x0000000707800000, 0x0000000707900000|  0%| F|  |TAMS 0x0000000707800000, 0x0000000707800000| Untracked 
|  71|0x0000000707900000, 0x0000000707900000, 0x0000000707a00000|  0%| F|  |TAMS 0x0000000707900000, 0x0000000707900000| Untracked 
|  72|0x0000000707a00000, 0x0000000707a00000, 0x0000000707b00000|  0%| F|  |TAMS 0x0000000707a00000, 0x0000000707a00000| Untracked 
|  73|0x0000000707b00000, 0x0000000707b00000, 0x0000000707c00000|  0%| F|  |TAMS 0x0000000707b00000, 0x0000000707b00000| Untracked 
|  74|0x0000000707c00000, 0x0000000707c00000, 0x0000000707d00000|  0%| F|  |TAMS 0x0000000707c00000, 0x0000000707c00000| Untracked 
|  75|0x0000000707d00000, 0x0000000707d00000, 0x0000000707e00000|  0%| F|  |TAMS 0x0000000707d00000, 0x0000000707d00000| Untracked 
|  76|0x0000000707e00000, 0x0000000707e00000, 0x0000000707f00000|  0%| F|  |TAMS 0x0000000707e00000, 0x0000000707e00000| Untracked 
|  77|0x0000000707f00000, 0x0000000707f00000, 0x0000000708000000|  0%| F|  |TAMS 0x0000000707f00000, 0x0000000707f00000| Untracked 
|  78|0x0000000708000000, 0x0000000708000000, 0x0000000708100000|  0%| F|  |TAMS 0x0000000708000000, 0x0000000708000000| Untracked 
|  79|0x0000000708100000, 0x0000000708100000, 0x0000000708200000|  0%| F|  |TAMS 0x0000000708100000, 0x0000000708100000| Untracked 
|  80|0x0000000708200000, 0x0000000708200000, 0x0000000708300000|  0%| F|  |TAMS 0x0000000708200000, 0x0000000708200000| Untracked 
|  81|0x0000000708300000, 0x0000000708300000, 0x0000000708400000|  0%| F|  |TAMS 0x0000000708300000, 0x0000000708300000| Untracked 
|  82|0x0000000708400000, 0x0000000708400000, 0x0000000708500000|  0%| F|  |TAMS 0x0000000708400000, 0x0000000708400000| Untracked 
|  83|0x0000000708500000, 0x0000000708500000, 0x0000000708600000|  0%| F|  |TAMS 0x0000000708500000, 0x0000000708500000| Untracked 
|  84|0x0000000708600000, 0x0000000708600000, 0x0000000708700000|  0%| F|  |TAMS 0x0000000708600000, 0x0000000708600000| Untracked 
|  85|0x0000000708700000, 0x0000000708700000, 0x0000000708800000|  0%| F|  |TAMS 0x0000000708700000, 0x0000000708700000| Untracked 
|  86|0x0000000708800000, 0x0000000708800000, 0x0000000708900000|  0%| F|  |TAMS 0x0000000708800000, 0x0000000708800000| Untracked 
|  87|0x0000000708900000, 0x0000000708900000, 0x0000000708a00000|  0%| F|  |TAMS 0x0000000708900000, 0x0000000708900000| Untracked 
|  88|0x0000000708a00000, 0x0000000708a00000, 0x0000000708b00000|  0%| F|  |TAMS 0x0000000708a00000, 0x0000000708a00000| Untracked 
|  89|0x0000000708b00000, 0x0000000708b00000, 0x0000000708c00000|  0%| F|  |TAMS 0x0000000708b00000, 0x0000000708b00000| Untracked 
|  90|0x0000000708c00000, 0x0000000708c00000, 0x0000000708d00000|  0%| F|  |TAMS 0x0000000708c00000, 0x0000000708c00000| Untracked 
|  91|0x0000000708d00000, 0x0000000708d00000, 0x0000000708e00000|  0%| F|  |TAMS 0x0000000708d00000, 0x0000000708d00000| Untracked 
|  92|0x0000000708e00000, 0x0000000708e00000, 0x0000000708f00000|  0%| F|  |TAMS 0x0000000708e00000, 0x0000000708e00000| Untracked 
|  93|0x0000000708f00000, 0x0000000708f00000, 0x0000000709000000|  0%| F|  |TAMS 0x0000000708f00000, 0x0000000708f00000| Untracked 
|  94|0x0000000709000000, 0x0000000709000000, 0x0000000709100000|  0%| F|  |TAMS 0x0000000709000000, 0x0000000709000000| Untracked 
|  95|0x0000000709100000, 0x0000000709100000, 0x0000000709200000|  0%| F|  |TAMS 0x0000000709100000, 0x0000000709100000| Untracked 
|  96|0x0000000709200000, 0x0000000709200000, 0x0000000709300000|  0%| F|  |TAMS 0x0000000709200000, 0x0000000709200000| Untracked 
|  97|0x0000000709300000, 0x0000000709300000, 0x0000000709400000|  0%| F|  |TAMS 0x0000000709300000, 0x0000000709300000| Untracked 
|  98|0x0000000709400000, 0x0000000709400000, 0x0000000709500000|  0%| F|  |TAMS 0x0000000709400000, 0x0000000709400000| Untracked 
|  99|0x0000000709500000, 0x0000000709500000, 0x0000000709600000|  0%| F|  |TAMS 0x0000000709500000, 0x0000000709500000| Untracked 
| 100|0x0000000709600000, 0x0000000709600000, 0x0000000709700000|  0%| F|  |TAMS 0x0000000709600000, 0x0000000709600000| Untracked 
| 101|0x0000000709700000, 0x0000000709700000, 0x0000000709800000|  0%| F|  |TAMS 0x0000000709700000, 0x0000000709700000| Untracked 
| 102|0x0000000709800000, 0x0000000709800000, 0x0000000709900000|  0%| F|  |TAMS 0x0000000709800000, 0x0000000709800000| Untracked 
| 103|0x0000000709900000, 0x0000000709900000, 0x0000000709a00000|  0%| F|  |TAMS 0x0000000709900000, 0x0000000709900000| Untracked 
| 104|0x0000000709a00000, 0x0000000709a00000, 0x0000000709b00000|  0%| F|  |TAMS 0x0000000709a00000, 0x0000000709a00000| Untracked 
| 105|0x0000000709b00000, 0x0000000709b00000, 0x0000000709c00000|  0%| F|  |TAMS 0x0000000709b00000, 0x0000000709b00000| Untracked 
| 106|0x0000000709c00000, 0x0000000709c00000, 0x0000000709d00000|  0%| F|  |TAMS 0x0000000709c00000, 0x0000000709c00000| Untracked 
| 107|0x0000000709d00000, 0x0000000709d00000, 0x0000000709e00000|  0%| F|  |TAMS 0x0000000709d00000, 0x0000000709d00000| Untracked 
| 108|0x0000000709e00000, 0x0000000709e00000, 0x0000000709f00000|  0%| F|  |TAMS 0x0000000709e00000, 0x0000000709e00000| Untracked 
| 109|0x0000000709f00000, 0x0000000709f00000, 0x000000070a000000|  0%| F|  |TAMS 0x0000000709f00000, 0x0000000709f00000| Untracked 
| 110|0x000000070a000000, 0x000000070a000000, 0x000000070a100000|  0%| F|  |TAMS 0x000000070a000000, 0x000000070a000000| Untracked 
| 111|0x000000070a100000, 0x000000070a100000, 0x000000070a200000|  0%| F|  |TAMS 0x000000070a100000, 0x000000070a100000| Untracked 
| 112|0x000000070a200000, 0x000000070a200000, 0x000000070a300000|  0%| F|  |TAMS 0x000000070a200000, 0x000000070a200000| Untracked 
| 113|0x000000070a300000, 0x000000070a300000, 0x000000070a400000|  0%| F|  |TAMS 0x000000070a300000, 0x000000070a300000| Untracked 
| 114|0x000000070a400000, 0x000000070a400000, 0x000000070a500000|  0%| F|  |TAMS 0x000000070a400000, 0x000000070a400000| Untracked 
| 115|0x000000070a500000, 0x000000070a500000, 0x000000070a600000|  0%| F|  |TAMS 0x000000070a500000, 0x000000070a500000| Untracked 
| 116|0x000000070a600000, 0x000000070a600000, 0x000000070a700000|  0%| F|  |TAMS 0x000000070a600000, 0x000000070a600000| Untracked 
| 117|0x000000070a700000, 0x000000070a700000, 0x000000070a800000|  0%| F|  |TAMS 0x000000070a700000, 0x000000070a700000| Untracked 
| 118|0x000000070a800000, 0x000000070a800000, 0x000000070a900000|  0%| F|  |TAMS 0x000000070a800000, 0x000000070a800000| Untracked 
| 119|0x000000070a900000, 0x000000070a900000, 0x000000070aa00000|  0%| F|  |TAMS 0x000000070a900000, 0x000000070a900000| Untracked 
| 120|0x000000070aa00000, 0x000000070aa00000, 0x000000070ab00000|  0%| F|  |TAMS 0x000000070aa00000, 0x000000070aa00000| Untracked 
| 121|0x000000070ab00000, 0x000000070ab00000, 0x000000070ac00000|  0%| F|  |TAMS 0x000000070ab00000, 0x000000070ab00000| Untracked 
| 122|0x000000070ac00000, 0x000000070ac00000, 0x000000070ad00000|  0%| F|  |TAMS 0x000000070ac00000, 0x000000070ac00000| Untracked 
| 123|0x000000070ad00000, 0x000000070ad00000, 0x000000070ae00000|  0%| F|  |TAMS 0x000000070ad00000, 0x000000070ad00000| Untracked 
| 124|0x000000070ae00000, 0x000000070ae00000, 0x000000070af00000|  0%| F|  |TAMS 0x000000070ae00000, 0x000000070ae00000| Untracked 
| 125|0x000000070af00000, 0x000000070af00000, 0x000000070b000000|  0%| F|  |TAMS 0x000000070af00000, 0x000000070af00000| Untracked 
| 126|0x000000070b000000, 0x000000070b000000, 0x000000070b100000|  0%| F|  |TAMS 0x000000070b000000, 0x000000070b000000| Untracked 
| 127|0x000000070b100000, 0x000000070b100000, 0x000000070b200000|  0%| F|  |TAMS 0x000000070b100000, 0x000000070b100000| Untracked 
| 128|0x000000070b200000, 0x000000070b200000, 0x000000070b300000|  0%| F|  |TAMS 0x000000070b200000, 0x000000070b200000| Untracked 
| 129|0x000000070b300000, 0x000000070b300000, 0x000000070b400000|  0%| F|  |TAMS 0x000000070b300000, 0x000000070b300000| Untracked 
| 130|0x000000070b400000, 0x000000070b400000, 0x000000070b500000|  0%| F|  |TAMS 0x000000070b400000, 0x000000070b400000| Untracked 
| 131|0x000000070b500000, 0x000000070b500000, 0x000000070b600000|  0%| F|  |TAMS 0x000000070b500000, 0x000000070b500000| Untracked 
| 132|0x000000070b600000, 0x000000070b600000, 0x000000070b700000|  0%| F|  |TAMS 0x000000070b600000, 0x000000070b600000| Untracked 
| 133|0x000000070b700000, 0x000000070b700000, 0x000000070b800000|  0%| F|  |TAMS 0x000000070b700000, 0x000000070b700000| Untracked 
| 134|0x000000070b800000, 0x000000070b800000, 0x000000070b900000|  0%| F|  |TAMS 0x000000070b800000, 0x000000070b800000| Untracked 
| 135|0x000000070b900000, 0x000000070b900000, 0x000000070ba00000|  0%| F|  |TAMS 0x000000070b900000, 0x000000070b900000| Untracked 
| 136|0x000000070ba00000, 0x000000070ba00000, 0x000000070bb00000|  0%| F|  |TAMS 0x000000070ba00000, 0x000000070ba00000| Untracked 
| 137|0x000000070bb00000, 0x000000070bb00000, 0x000000070bc00000|  0%| F|  |TAMS 0x000000070bb00000, 0x000000070bb00000| Untracked 
| 138|0x000000070bc00000, 0x000000070bc00000, 0x000000070bd00000|  0%| F|  |TAMS 0x000000070bc00000, 0x000000070bc00000| Untracked 
| 139|0x000000070bd00000, 0x000000070bd00000, 0x000000070be00000|  0%| F|  |TAMS 0x000000070bd00000, 0x000000070bd00000| Untracked 
| 140|0x000000070be00000, 0x000000070be00000, 0x000000070bf00000|  0%| F|  |TAMS 0x000000070be00000, 0x000000070be00000| Untracked 
| 141|0x000000070bf00000, 0x000000070bf00000, 0x000000070c000000|  0%| F|  |TAMS 0x000000070bf00000, 0x000000070bf00000| Untracked 
| 142|0x000000070c000000, 0x000000070c000000, 0x000000070c100000|  0%| F|  |TAMS 0x000000070c000000, 0x000000070c000000| Untracked 
| 143|0x000000070c100000, 0x000000070c100000, 0x000000070c200000|  0%| F|  |TAMS 0x000000070c100000, 0x000000070c100000| Untracked 
| 144|0x000000070c200000, 0x000000070c200000, 0x000000070c300000|  0%| F|  |TAMS 0x000000070c200000, 0x000000070c200000| Untracked 
| 145|0x000000070c300000, 0x000000070c300000, 0x000000070c400000|  0%| F|  |TAMS 0x000000070c300000, 0x000000070c300000| Untracked 
| 146|0x000000070c400000, 0x000000070c400000, 0x000000070c500000|  0%| F|  |TAMS 0x000000070c400000, 0x000000070c400000| Untracked 
| 147|0x000000070c500000, 0x000000070c500000, 0x000000070c600000|  0%| F|  |TAMS 0x000000070c500000, 0x000000070c500000| Untracked 
| 148|0x000000070c600000, 0x000000070c600000, 0x000000070c700000|  0%| F|  |TAMS 0x000000070c600000, 0x000000070c600000| Untracked 
| 149|0x000000070c700000, 0x000000070c700000, 0x000000070c800000|  0%| F|  |TAMS 0x000000070c700000, 0x000000070c700000| Untracked 
| 150|0x000000070c800000, 0x000000070c800000, 0x000000070c900000|  0%| F|  |TAMS 0x000000070c800000, 0x000000070c800000| Untracked 
| 151|0x000000070c900000, 0x000000070c900000, 0x000000070ca00000|  0%| F|  |TAMS 0x000000070c900000, 0x000000070c900000| Untracked 
| 152|0x000000070ca00000, 0x000000070ca00000, 0x000000070cb00000|  0%| F|  |TAMS 0x000000070ca00000, 0x000000070ca00000| Untracked 
| 153|0x000000070cb00000, 0x000000070cb00000, 0x000000070cc00000|  0%| F|  |TAMS 0x000000070cb00000, 0x000000070cb00000| Untracked 
| 154|0x000000070cc00000, 0x000000070cc00000, 0x000000070cd00000|  0%| F|  |TAMS 0x000000070cc00000, 0x000000070cc00000| Untracked 
| 155|0x000000070cd00000, 0x000000070cd00000, 0x000000070ce00000|  0%| F|  |TAMS 0x000000070cd00000, 0x000000070cd00000| Untracked 
| 156|0x000000070ce00000, 0x000000070ce00000, 0x000000070cf00000|  0%| F|  |TAMS 0x000000070ce00000, 0x000000070ce00000| Untracked 
| 157|0x000000070cf00000, 0x000000070cf00000, 0x000000070d000000|  0%| F|  |TAMS 0x000000070cf00000, 0x000000070cf00000| Untracked 
| 158|0x000000070d000000, 0x000000070d000000, 0x000000070d100000|  0%| F|  |TAMS 0x000000070d000000, 0x000000070d000000| Untracked 
| 159|0x000000070d100000, 0x000000070d100000, 0x000000070d200000|  0%| F|  |TAMS 0x000000070d100000, 0x000000070d100000| Untracked 
| 160|0x000000070d200000, 0x000000070d200000, 0x000000070d300000|  0%| F|  |TAMS 0x000000070d200000, 0x000000070d200000| Untracked 
| 161|0x000000070d300000, 0x000000070d300000, 0x000000070d400000|  0%| F|  |TAMS 0x000000070d300000, 0x000000070d300000| Untracked 
| 162|0x000000070d400000, 0x000000070d400000, 0x000000070d500000|  0%| F|  |TAMS 0x000000070d400000, 0x000000070d400000| Untracked 
| 163|0x000000070d500000, 0x000000070d500000, 0x000000070d600000|  0%| F|  |TAMS 0x000000070d500000, 0x000000070d500000| Untracked 
| 164|0x000000070d600000, 0x000000070d600000, 0x000000070d700000|  0%| F|  |TAMS 0x000000070d600000, 0x000000070d600000| Untracked 
| 165|0x000000070d700000, 0x000000070d700000, 0x000000070d800000|  0%| F|  |TAMS 0x000000070d700000, 0x000000070d700000| Untracked 
| 166|0x000000070d800000, 0x000000070d800000, 0x000000070d900000|  0%| F|  |TAMS 0x000000070d800000, 0x000000070d800000| Untracked 
| 167|0x000000070d900000, 0x000000070d900000, 0x000000070da00000|  0%| F|  |TAMS 0x000000070d900000, 0x000000070d900000| Untracked 
| 168|0x000000070da00000, 0x000000070da00000, 0x000000070db00000|  0%| F|  |TAMS 0x000000070da00000, 0x000000070da00000| Untracked 
| 169|0x000000070db00000, 0x000000070db00000, 0x000000070dc00000|  0%| F|  |TAMS 0x000000070db00000, 0x000000070db00000| Untracked 
| 170|0x000000070dc00000, 0x000000070dc00000, 0x000000070dd00000|  0%| F|  |TAMS 0x000000070dc00000, 0x000000070dc00000| Untracked 
| 171|0x000000070dd00000, 0x000000070dd00000, 0x000000070de00000|  0%| F|  |TAMS 0x000000070dd00000, 0x000000070dd00000| Untracked 
| 172|0x000000070de00000, 0x000000070de00000, 0x000000070df00000|  0%| F|  |TAMS 0x000000070de00000, 0x000000070de00000| Untracked 
| 173|0x000000070df00000, 0x000000070df00000, 0x000000070e000000|  0%| F|  |TAMS 0x000000070df00000, 0x000000070df00000| Untracked 
| 174|0x000000070e000000, 0x000000070e000000, 0x000000070e100000|  0%| F|  |TAMS 0x000000070e000000, 0x000000070e000000| Untracked 
| 175|0x000000070e100000, 0x000000070e100000, 0x000000070e200000|  0%| F|  |TAMS 0x000000070e100000, 0x000000070e100000| Untracked 
| 176|0x000000070e200000, 0x000000070e200000, 0x000000070e300000|  0%| F|  |TAMS 0x000000070e200000, 0x000000070e200000| Untracked 
| 177|0x000000070e300000, 0x000000070e300000, 0x000000070e400000|  0%| F|  |TAMS 0x000000070e300000, 0x000000070e300000| Untracked 
| 178|0x000000070e400000, 0x000000070e400000, 0x000000070e500000|  0%| F|  |TAMS 0x000000070e400000, 0x000000070e400000| Untracked 
| 179|0x000000070e500000, 0x000000070e500000, 0x000000070e600000|  0%| F|  |TAMS 0x000000070e500000, 0x000000070e500000| Untracked 
| 180|0x000000070e600000, 0x000000070e600000, 0x000000070e700000|  0%| F|  |TAMS 0x000000070e600000, 0x000000070e600000| Untracked 
| 181|0x000000070e700000, 0x000000070e700000, 0x000000070e800000|  0%| F|  |TAMS 0x000000070e700000, 0x000000070e700000| Untracked 
| 182|0x000000070e800000, 0x000000070e800000, 0x000000070e900000|  0%| F|  |TAMS 0x000000070e800000, 0x000000070e800000| Untracked 
| 183|0x000000070e900000, 0x000000070e900000, 0x000000070ea00000|  0%| F|  |TAMS 0x000000070e900000, 0x000000070e900000| Untracked 
| 184|0x000000070ea00000, 0x000000070ea00000, 0x000000070eb00000|  0%| F|  |TAMS 0x000000070ea00000, 0x000000070ea00000| Untracked 
| 185|0x000000070eb00000, 0x000000070eb00000, 0x000000070ec00000|  0%| F|  |TAMS 0x000000070eb00000, 0x000000070eb00000| Untracked 
| 186|0x000000070ec00000, 0x000000070ec00000, 0x000000070ed00000|  0%| F|  |TAMS 0x000000070ec00000, 0x000000070ec00000| Untracked 
| 187|0x000000070ed00000, 0x000000070ed00000, 0x000000070ee00000|  0%| F|  |TAMS 0x000000070ed00000, 0x000000070ed00000| Untracked 
| 188|0x000000070ee00000, 0x000000070ee00000, 0x000000070ef00000|  0%| F|  |TAMS 0x000000070ee00000, 0x000000070ee00000| Untracked 
| 189|0x000000070ef00000, 0x000000070ef00000, 0x000000070f000000|  0%| F|  |TAMS 0x000000070ef00000, 0x000000070ef00000| Untracked 
| 190|0x000000070f000000, 0x000000070f000000, 0x000000070f100000|  0%| F|  |TAMS 0x000000070f000000, 0x000000070f000000| Untracked 
| 191|0x000000070f100000, 0x000000070f100000, 0x000000070f200000|  0%| F|  |TAMS 0x000000070f100000, 0x000000070f100000| Untracked 
| 192|0x000000070f200000, 0x000000070f200000, 0x000000070f300000|  0%| F|  |TAMS 0x000000070f200000, 0x000000070f200000| Untracked 
| 193|0x000000070f300000, 0x000000070f300000, 0x000000070f400000|  0%| F|  |TAMS 0x000000070f300000, 0x000000070f300000| Untracked 
| 194|0x000000070f400000, 0x000000070f400000, 0x000000070f500000|  0%| F|  |TAMS 0x000000070f400000, 0x000000070f400000| Untracked 
| 195|0x000000070f500000, 0x000000070f500000, 0x000000070f600000|  0%| F|  |TAMS 0x000000070f500000, 0x000000070f500000| Untracked 
| 196|0x000000070f600000, 0x000000070f600000, 0x000000070f700000|  0%| F|  |TAMS 0x000000070f600000, 0x000000070f600000| Untracked 
| 197|0x000000070f700000, 0x000000070f700000, 0x000000070f800000|  0%| F|  |TAMS 0x000000070f700000, 0x000000070f700000| Untracked 
| 198|0x000000070f800000, 0x000000070f800000, 0x000000070f900000|  0%| F|  |TAMS 0x000000070f800000, 0x000000070f800000| Untracked 
| 199|0x000000070f900000, 0x000000070f900000, 0x000000070fa00000|  0%| F|  |TAMS 0x000000070f900000, 0x000000070f900000| Untracked 
| 200|0x000000070fa00000, 0x000000070fa00000, 0x000000070fb00000|  0%| F|  |TAMS 0x000000070fa00000, 0x000000070fa00000| Untracked 
| 201|0x000000070fb00000, 0x000000070fb00000, 0x000000070fc00000|  0%| F|  |TAMS 0x000000070fb00000, 0x000000070fb00000| Untracked 
| 202|0x000000070fc00000, 0x000000070fc00000, 0x000000070fd00000|  0%| F|  |TAMS 0x000000070fc00000, 0x000000070fc00000| Untracked 
| 203|0x000000070fd00000, 0x000000070fd00000, 0x000000070fe00000|  0%| F|  |TAMS 0x000000070fd00000, 0x000000070fd00000| Untracked 
| 204|0x000000070fe00000, 0x000000070fe00000, 0x000000070ff00000|  0%| F|  |TAMS 0x000000070fe00000, 0x000000070fe00000| Untracked 
| 205|0x000000070ff00000, 0x000000070ff00000, 0x0000000710000000|  0%| F|  |TAMS 0x000000070ff00000, 0x000000070ff00000| Untracked 
| 206|0x0000000710000000, 0x0000000710000000, 0x0000000710100000|  0%| F|  |TAMS 0x0000000710000000, 0x0000000710000000| Untracked 
| 207|0x0000000710100000, 0x0000000710100000, 0x0000000710200000|  0%| F|  |TAMS 0x0000000710100000, 0x0000000710100000| Untracked 
| 208|0x0000000710200000, 0x0000000710200000, 0x0000000710300000|  0%| F|  |TAMS 0x0000000710200000, 0x0000000710200000| Untracked 
| 209|0x0000000710300000, 0x0000000710300000, 0x0000000710400000|  0%| F|  |TAMS 0x0000000710300000, 0x0000000710300000| Untracked 
| 210|0x0000000710400000, 0x0000000710400000, 0x0000000710500000|  0%| F|  |TAMS 0x0000000710400000, 0x0000000710400000| Untracked 
| 211|0x0000000710500000, 0x0000000710500000, 0x0000000710600000|  0%| F|  |TAMS 0x0000000710500000, 0x0000000710500000| Untracked 
| 212|0x0000000710600000, 0x0000000710600000, 0x0000000710700000|  0%| F|  |TAMS 0x0000000710600000, 0x0000000710600000| Untracked 
| 213|0x0000000710700000, 0x0000000710700000, 0x0000000710800000|  0%| F|  |TAMS 0x0000000710700000, 0x0000000710700000| Untracked 
| 214|0x0000000710800000, 0x0000000710800000, 0x0000000710900000|  0%| F|  |TAMS 0x0000000710800000, 0x0000000710800000| Untracked 
| 215|0x0000000710900000, 0x0000000710900000, 0x0000000710a00000|  0%| F|  |TAMS 0x0000000710900000, 0x0000000710900000| Untracked 
| 216|0x0000000710a00000, 0x0000000710a00000, 0x0000000710b00000|  0%| F|  |TAMS 0x0000000710a00000, 0x0000000710a00000| Untracked 
| 217|0x0000000710b00000, 0x0000000710b00000, 0x0000000710c00000|  0%| F|  |TAMS 0x0000000710b00000, 0x0000000710b00000| Untracked 
| 218|0x0000000710c00000, 0x0000000710c00000, 0x0000000710d00000|  0%| F|  |TAMS 0x0000000710c00000, 0x0000000710c00000| Untracked 
| 219|0x0000000710d00000, 0x0000000710d00000, 0x0000000710e00000|  0%| F|  |TAMS 0x0000000710d00000, 0x0000000710d00000| Untracked 
| 220|0x0000000710e00000, 0x0000000710e00000, 0x0000000710f00000|  0%| F|  |TAMS 0x0000000710e00000, 0x0000000710e00000| Untracked 
| 221|0x0000000710f00000, 0x0000000710f00000, 0x0000000711000000|  0%| F|  |TAMS 0x0000000710f00000, 0x0000000710f00000| Untracked 
| 222|0x0000000711000000, 0x0000000711000000, 0x0000000711100000|  0%| F|  |TAMS 0x0000000711000000, 0x0000000711000000| Untracked 
| 223|0x0000000711100000, 0x0000000711100000, 0x0000000711200000|  0%| F|  |TAMS 0x0000000711100000, 0x0000000711100000| Untracked 
| 224|0x0000000711200000, 0x0000000711200000, 0x0000000711300000|  0%| F|  |TAMS 0x0000000711200000, 0x0000000711200000| Untracked 
| 225|0x0000000711300000, 0x0000000711300000, 0x0000000711400000|  0%| F|  |TAMS 0x0000000711300000, 0x0000000711300000| Untracked 
| 226|0x0000000711400000, 0x0000000711400000, 0x0000000711500000|  0%| F|  |TAMS 0x0000000711400000, 0x0000000711400000| Untracked 
| 227|0x0000000711500000, 0x0000000711500000, 0x0000000711600000|  0%| F|  |TAMS 0x0000000711500000, 0x0000000711500000| Untracked 
| 228|0x0000000711600000, 0x0000000711600000, 0x0000000711700000|  0%| F|  |TAMS 0x0000000711600000, 0x0000000711600000| Untracked 
| 229|0x0000000711700000, 0x0000000711700000, 0x0000000711800000|  0%| F|  |TAMS 0x0000000711700000, 0x0000000711700000| Untracked 
| 230|0x0000000711800000, 0x0000000711800000, 0x0000000711900000|  0%| F|  |TAMS 0x0000000711800000, 0x0000000711800000| Untracked 
| 231|0x0000000711900000, 0x0000000711900000, 0x0000000711a00000|  0%| F|  |TAMS 0x0000000711900000, 0x0000000711900000| Untracked 
| 232|0x0000000711a00000, 0x0000000711a00000, 0x0000000711b00000|  0%| F|  |TAMS 0x0000000711a00000, 0x0000000711a00000| Untracked 
| 233|0x0000000711b00000, 0x0000000711b00000, 0x0000000711c00000|  0%| F|  |TAMS 0x0000000711b00000, 0x0000000711b00000| Untracked 
| 234|0x0000000711c00000, 0x0000000711c00000, 0x0000000711d00000|  0%| F|  |TAMS 0x0000000711c00000, 0x0000000711c00000| Untracked 
| 235|0x0000000711d00000, 0x0000000711d00000, 0x0000000711e00000|  0%| F|  |TAMS 0x0000000711d00000, 0x0000000711d00000| Untracked 
| 236|0x0000000711e00000, 0x0000000711e00000, 0x0000000711f00000|  0%| F|  |TAMS 0x0000000711e00000, 0x0000000711e00000| Untracked 
| 237|0x0000000711f00000, 0x0000000711f00000, 0x0000000712000000|  0%| F|  |TAMS 0x0000000711f00000, 0x0000000711f00000| Untracked 
| 238|0x0000000712000000, 0x0000000712000000, 0x0000000712100000|  0%| F|  |TAMS 0x0000000712000000, 0x0000000712000000| Untracked 
| 239|0x0000000712100000, 0x0000000712100000, 0x0000000712200000|  0%| F|  |TAMS 0x0000000712100000, 0x0000000712100000| Untracked 
| 240|0x0000000712200000, 0x0000000712200000, 0x0000000712300000|  0%| F|  |TAMS 0x0000000712200000, 0x0000000712200000| Untracked 
| 241|0x0000000712300000, 0x0000000712300000, 0x0000000712400000|  0%| F|  |TAMS 0x0000000712300000, 0x0000000712300000| Untracked 
| 242|0x0000000712400000, 0x0000000712400000, 0x0000000712500000|  0%| F|  |TAMS 0x0000000712400000, 0x0000000712400000| Untracked 
| 243|0x0000000712500000, 0x0000000712500000, 0x0000000712600000|  0%| F|  |TAMS 0x0000000712500000, 0x0000000712500000| Untracked 
| 244|0x0000000712600000, 0x0000000712671260, 0x0000000712700000| 44%| E|  |TAMS 0x0000000712600000, 0x0000000712600000| Complete 
| 245|0x0000000712700000, 0x0000000712800000, 0x0000000712800000|100%| E|CS|TAMS 0x0000000712700000, 0x0000000712700000| Complete 
| 246|0x0000000712800000, 0x0000000712900000, 0x0000000712900000|100%| E|CS|TAMS 0x0000000712800000, 0x0000000712800000| Complete 
| 247|0x0000000712900000, 0x0000000712a00000, 0x0000000712a00000|100%| E|CS|TAMS 0x0000000712900000, 0x0000000712900000| Complete 
| 248|0x0000000712a00000, 0x0000000712b00000, 0x0000000712b00000|100%| E|CS|TAMS 0x0000000712a00000, 0x0000000712a00000| Complete 
| 249|0x0000000712b00000, 0x0000000712c00000, 0x0000000712c00000|100%| E|CS|TAMS 0x0000000712b00000, 0x0000000712b00000| Complete 
| 250|0x0000000712c00000, 0x0000000712d00000, 0x0000000712d00000|100%| E|CS|TAMS 0x0000000712c00000, 0x0000000712c00000| Complete 
| 251|0x0000000712d00000, 0x0000000712e00000, 0x0000000712e00000|100%| E|  |TAMS 0x0000000712d00000, 0x0000000712d00000| Complete 
| 252|0x0000000712e00000, 0x0000000712f00000, 0x0000000712f00000|100%| E|CS|TAMS 0x0000000712e00000, 0x0000000712e00000| Complete 
| 253|0x0000000712f00000, 0x0000000713000000, 0x0000000713000000|100%| E|CS|TAMS 0x0000000712f00000, 0x0000000712f00000| Complete 

Card table byte_map: [0x0000016b6de70000,0x0000016b6e660000] _byte_map_base: 0x0000016b6a657000

Marking Bits (Prev, Next): (CMBitMap*) 0x0000016b5613d9b8, (CMBitMap*) 0x0000016b5613d9f0
 Prev Bits: [0x0000016b6ee50000, 0x0000016b72d88000)
 Next Bits: [0x0000016b72d90000, 0x0000016b76cc8000)

Polling page: 0x0000016b53ff0000

Metaspace:

Usage:
  Non-class:      7.27 MB capacity,     7.18 MB ( 99%) used,    80.84 KB (  1%) free+waste,     6.50 KB ( <1%) overhead. 
      Class:    748.00 KB capacity,   701.31 KB ( 94%) used,    43.81 KB (  6%) free+waste,     2.88 KB ( <1%) overhead. 
       Both:      8.00 MB capacity,     7.87 MB ( 98%) used,   124.65 KB (  2%) free+waste,     9.38 KB ( <1%) overhead. 

Virtual space:
  Non-class space:        8.00 MB reserved,       7.50 MB ( 94%) committed 
      Class space:        1.00 GB reserved,     768.00 KB ( <1%) committed 
             Both:        1.01 GB reserved,       8.25 MB ( <1%) committed 

Chunk freelists:
   Non-Class:  5.75 KB
       Class:  2.50 KB
        Both:  8.25 KB

CodeHeap 'non-profiled nmethods': size=120064Kb used=140Kb max_used=140Kb free=119923Kb
 bounds [0x0000016b66030000, 0x0000016b662a0000, 0x0000016b6d570000]
CodeHeap 'profiled nmethods': size=120000Kb used=670Kb max_used=670Kb free=119329Kb
 bounds [0x0000016b5eb00000, 0x0000016b5ed70000, 0x0000016b66030000]
CodeHeap 'non-nmethods': size=5696Kb used=1078Kb max_used=1078Kb free=4617Kb
 bounds [0x0000016b5e570000, 0x0000016b5e7e0000, 0x0000016b5eb00000]
 total_blobs=859 nmethods=482 adapters=289
 compilation: enabled
              stopped_count=0, restarted_count=0
 full_count=0

Compilation events (10 events):
Event: 1.665 Thread 0x0000016b79f36000  472       4       java.util.HashMap::put (13 bytes)
Event: 1.666 Thread 0x0000016b79f36000 nmethod 472 0x0000016b66052b10 code [0x0000016b66052ca0, 0x0000016b66052dc8]
Event: 4.007 Thread 0x0000016b79f37000  479       3       java.lang.String::getChars (54 bytes)
Event: 4.007 Thread 0x0000016b79f37000 nmethod 479 0x0000016b5eba5910 code [0x0000016b5eba5b20, 0x0000016b5eba5fd8]
Event: 4.007 Thread 0x0000016b79f37000  481       3       java.lang.StringLatin1::regionMatchesCI (92 bytes)
Event: 4.008 Thread 0x0000016b79f37000 nmethod 481 0x0000016b5eba6210 code [0x0000016b5eba64a0, 0x0000016b5eba6fb8]
Event: 4.008 Thread 0x0000016b79f37000  480       3       java.lang.StringLatin1::getChars (12 bytes)
Event: 4.008 Thread 0x0000016b79f37000 nmethod 480 0x0000016b5eba7490 code [0x0000016b5eba7640, 0x0000016b5eba7898]
Event: 4.008 Thread 0x0000016b79f37000  482       1       jdk.internal.loader.URLClassPath$Loader::getBaseURL (5 bytes)
Event: 4.008 Thread 0x0000016b79f37000 nmethod 482 0x0000016b66052f10 code [0x0000016b660530a0, 0x0000016b66053158]

GC Heap History (0 events):
No events

Deoptimization events (3 events):
Event: 0.252 Thread 0x0000016b560df000 Uncommon trap: reason=unstable_if action=reinterpret pc=0x0000016b6603a478 method=java.lang.String.isLatin1()Z @ 10 c2
Event: 0.430 Thread 0x0000016b560df000 Uncommon trap: reason=unstable_if action=reinterpret pc=0x0000016b6604e280 method=java.nio.Buffer.hasRemaining()Z @ 8 c2
Event: 0.444 Thread 0x0000016b560df000 Uncommon trap: reason=unstable_if action=reinterpret pc=0x0000016b66045e00 method=java.io.WinNTFileSystem.isSlash(C)Z @ 9 c2

Classes redefined (0 events):
No events

Internal exceptions (0 events):
No events

Events (10 events):
Event: 4.007 Executing VM operation: RevokeBias
Event: 4.007 Executing VM operation: RevokeBias done
Event: 4.007 loading class com/jacob/com/SafeArray
Event: 4.007 loading class com/jacob/com/SafeArray done
Event: 4.008 loading class java/math/BigDecimal
Event: 4.008 loading class java/math/BigDecimal done
Event: 4.009 loading class java/math/BigInteger
Event: 4.009 loading class java/math/BigInteger done
Event: 4.009 loading class java/math/BigDecimal$1
Event: 4.009 loading class java/math/BigDecimal$1 done


Dynamic libraries:
0x00007ff79d2f0000 - 0x00007ff79d2ff000 	D:\javaEnvironment\java11\jdk11\bin\java.exe
0x00007ffe0b9b0000 - 0x00007ffe0bba5000 	C:\WINDOWS\SYSTEM32\ntdll.dll
0x00007ffe0ad90000 - 0x00007ffe0ae4d000 	C:\WINDOWS\System32\KERNEL32.DLL
0x00007ffe091c0000 - 0x00007ffe09489000 	C:\WINDOWS\System32\KERNELBASE.dll
0x00007ffe09490000 - 0x00007ffe09590000 	C:\WINDOWS\System32\ucrtbase.dll
0x00007ffe04d10000 - 0x00007ffe04d25000 	D:\javaEnvironment\java11\jdk11\bin\VCRUNTIME140.dll
0x00007ffe04da0000 - 0x00007ffe04db8000 	D:\javaEnvironment\java11\jdk11\bin\jli.dll
0x00007ffe09dd0000 - 0x00007ffe09e7c000 	C:\WINDOWS\System32\ADVAPI32.dll
0x00007ffe09ae0000 - 0x00007ffe09b7e000 	C:\WINDOWS\System32\msvcrt.dll
0x00007ffe09d30000 - 0x00007ffe09dcb000 	C:\WINDOWS\System32\sechost.dll
0x00007ffe0b790000 - 0x00007ffe0b8ba000 	C:\WINDOWS\System32\RPCRT4.dll
0x00007ffe0a620000 - 0x00007ffe0a7c0000 	C:\WINDOWS\System32\USER32.dll
0x00007ffdf75e0000 - 0x00007ffdf787a000 	C:\WINDOWS\WinSxS\amd64_microsoft.windows.common-controls_6595b64144ccf1df_6.0.19041.1110_none_60b5254171f9507e\COMCTL32.dll
0x00007ffe09880000 - 0x00007ffe098a2000 	C:\WINDOWS\System32\win32u.dll
0x00007ffe0b2e0000 - 0x00007ffe0b30a000 	C:\WINDOWS\System32\GDI32.dll
0x00007ffe09670000 - 0x00007ffe0977b000 	C:\WINDOWS\System32\gdi32full.dll
0x00007ffe09780000 - 0x00007ffe0981d000 	C:\WINDOWS\System32\msvcp_win.dll
0x00007ffdfdea0000 - 0x00007ffdfdeaa000 	C:\WINDOWS\SYSTEM32\VERSION.dll
0x00007ffe09d00000 - 0x00007ffe09d30000 	C:\WINDOWS\System32\IMM32.DLL
0x00007ffdcd610000 - 0x00007ffdcd6ab000 	D:\javaEnvironment\java11\jdk11\bin\msvcp140.dll
0x00007ffd9cb40000 - 0x00007ffd9d63b000 	D:\javaEnvironment\java11\jdk11\bin\server\jvm.dll
0x00007ffe0aa20000 - 0x00007ffe0aa28000 	C:\WINDOWS\System32\PSAPI.DLL
0x00007ffdf7e60000 - 0x00007ffdf7e69000 	C:\WINDOWS\SYSTEM32\WSOCK32.dll
0x00007ffdfdeb0000 - 0x00007ffdfded7000 	C:\WINDOWS\SYSTEM32\WINMM.dll
0x00007ffe0ab60000 - 0x00007ffe0abcb000 	C:\WINDOWS\System32\WS2_32.dll
0x00007ffe07010000 - 0x00007ffe07022000 	C:\WINDOWS\SYSTEM32\kernel.appcore.dll
0x00007ffe069c0000 - 0x00007ffe069d0000 	D:\javaEnvironment\java11\jdk11\bin\verify.dll
0x00007ffdf81a0000 - 0x00007ffdf8384000 	C:\WINDOWS\SYSTEM32\DBGHELP.DLL
0x00007ffdf7d90000 - 0x00007ffdf7dbc000 	C:\WINDOWS\SYSTEM32\dbgcore.DLL
0x00007ffe09130000 - 0x00007ffe091b3000 	C:\WINDOWS\System32\bcryptPrimitives.dll
0x00007ffdec5a0000 - 0x00007ffdec5c8000 	D:\javaEnvironment\java11\jdk11\bin\java.dll
0x00007ffe04d80000 - 0x00007ffe04d8a000 	D:\javaEnvironment\java11\jdk11\bin\jimage.dll
0x00007ffe04d60000 - 0x00007ffe04d6e000 	D:\javaEnvironment\java11\jdk11\bin\instrument.dll
0x00007ffdfa9e0000 - 0x00007ffdfa9f6000 	D:\javaEnvironment\java11\jdk11\bin\zip.dll
0x00007ffe09ee0000 - 0x00007ffe0a61f000 	C:\WINDOWS\System32\SHELL32.dll
0x00007ffe07210000 - 0x00007ffe079a0000 	C:\WINDOWS\SYSTEM32\windows.storage.dll
0x00007ffe0af80000 - 0x00007ffe0b2d5000 	C:\WINDOWS\System32\combase.dll
0x00007ffe08a70000 - 0x00007ffe08a9c000 	C:\WINDOWS\SYSTEM32\Wldp.dll
0x00007ffe0b8c0000 - 0x00007ffe0b96e000 	C:\WINDOWS\System32\SHCORE.dll
0x00007ffe0aeb0000 - 0x00007ffe0af05000 	C:\WINDOWS\System32\shlwapi.dll
0x00007ffe09020000 - 0x00007ffe0903f000 	C:\WINDOWS\SYSTEM32\profapi.dll
0x00007ffdf0780000 - 0x00007ffdf0799000 	D:\javaEnvironment\java11\jdk11\bin\net.dll
0x00007ffe04250000 - 0x00007ffe04358000 	C:\WINDOWS\SYSTEM32\WINHTTP.dll
0x00007ffe087d0000 - 0x00007ffe0883a000 	C:\WINDOWS\system32\mswsock.dll
0x00007ffdeb6f0000 - 0x00007ffdeb702000 	D:\javaEnvironment\java11\jdk11\bin\nio.dll
0x00007ffdeb470000 - 0x00007ffdeb48a000 	E:\202003idea\IntelliJ IDEA 2020.3.3\bin\breakgen64.dll
0x0000000180000000 - 0x0000000180021000 	D:\javaEnvironment\java11\jdk11\bin\jacob-1.14.3-x64.dll
0x00007ffe0aa30000 - 0x00007ffe0ab5a000 	C:\WINDOWS\System32\ole32.dll
0x00007ffe09a10000 - 0x00007ffe09add000 	C:\WINDOWS\System32\OLEAUT32.dll
0x0000000075360000 - 0x0000000075429000 	C:\WINDOWS\WinSxS\amd64_microsoft.vc80.crt_1fc8b3b9a1e18e3b_8.0.50727.9672_none_88e266cb2fac7c0d\MSVCR80.dll
0x00007ffe06b50000 - 0x00007ffe06bee000 	C:\WINDOWS\system32\uxtheme.dll
0x00007ffe0a850000 - 0x00007ffe0a8f9000 	C:\WINDOWS\System32\clbcatq.dll

dbghelp: loaded successfully - version: 4.0.5 - missing functions: none
symbol engine: initialized successfully - sym options: 0x614 - pdb path: .;D:\javaEnvironment\java11\jdk11\bin;C:\WINDOWS\SYSTEM32;C:\WINDOWS\WinSxS\amd64_microsoft.windows.common-controls_6595b64144ccf1df_6.0.19041.1110_none_60b5254171f9507e;D:\javaEnvironment\java11\jdk11\bin\server;E:\202003idea\IntelliJ IDEA 2020.3.3\bin;C:\WINDOWS\WinSxS\amd64_microsoft.vc80.crt_1fc8b3b9a1e18e3b_8.0.50727.9672_none_88e266cb2fac7c0d

VM Arguments:
jvm_args: -javaagent:E:\202003idea\IntelliJ IDEA 2020.3.3\lib\idea_rt.jar=65530:E:\202003idea\IntelliJ IDEA 2020.3.3\bin -Dfile.encoding=UTF-8 
java_command: com.happy.javautil.PrintTest
java_class_path (initial): F:\happy\workspace\study\javautil\target\test-classes;F:\happy\workspace\study\javautil\target\classes;E:\repository\com\alibaba\fastjson\1.2.46\fastjson-1.2.46.jar;E:\repository\org\springframework\boot\spring-boot-starter-web\2.4.5\spring-boot-starter-web-2.4.5.jar;E:\repository\org\springframework\boot\spring-boot-starter-json\2.4.5\spring-boot-starter-json-2.4.5.jar;E:\repository\com\fasterxml\jackson\core\jackson-databind\2.11.4\jackson-databind-2.11.4.jar;E:\repository\com\fasterxml\jackson\core\jackson-annotations\2.11.4\jackson-annotations-2.11.4.jar;E:\repository\com\fasterxml\jackson\core\jackson-core\2.11.4\jackson-core-2.11.4.jar;E:\repository\com\fasterxml\jackson\datatype\jackson-datatype-jdk8\2.11.4\jackson-datatype-jdk8-2.11.4.jar;E:\repository\com\fasterxml\jackson\datatype\jackson-datatype-jsr310\2.11.4\jackson-datatype-jsr310-2.11.4.jar;E:\repository\com\fasterxml\jackson\module\jackson-module-parameter-names\2.11.4\jackson-module-parameter-names-2.11.4.jar;E:\repository\org\springframework\boot\spring-boot-starter-tomcat\2.4.5\spring-boot-starter-tomcat-2.4.5.jar;E:\repository\org\apache\tomcat\embed\tomcat-embed-core\9.0.45\tomcat-embed-core-9.0.45.jar;E:\repository\org\apache\tomcat\embed\tomcat-embed-websocket\9.0.45\tomcat-embed-websocket-9.0.45.jar;E:\repository\org\springframework\spring-web\5.3.6\spring-web-5.3.6.jar;E:\repository\org\springframework\spring-beans\5.3.6\spring-beans-5.3.6.jar;E:\repository\org\springframework\spring-webmvc\5.3.6\spring-webmvc-5.3.6.jar;E:\repository\org\springframework\spring-context\5.3.6\spring-context-5.3.6.jar;E:\repository\org\springframework\spring-expression\5.3.6\spring-expression-5.3.6.jar;E:\repository\org\springframework\boot\spring-boot-starter-test\2.4.5\spring-boot-starter-test-2.4.5.jar;E:\repository\org\springframework\boot\spring-boot-test\2.4.5\spring-boot-test-2.4.5.jar;E:\repository\org\springframework\boot\spring-boot-test-autoconfigure\2.4.5\spring-boot-tes
Launcher Type: SUN_STANDARD

[Global flags]
     intx CICompilerCount                          = 3                                         {product} {ergonomic}
     uint ConcGCThreads                            = 2                                         {product} {ergonomic}
     uint G1ConcRefinementThreads                  = 6                                         {product} {ergonomic}
   size_t G1HeapRegionSize                         = 1048576                                   {product} {ergonomic}
    uintx GCDrainStackTargetSize                   = 64                                        {product} {ergonomic}
   size_t InitialHeapSize                          = 266338304                                 {product} {ergonomic}
   size_t MarkStackSize                            = 4194304                                   {product} {ergonomic}
   size_t MaxHeapSize                              = 4242538496                                {product} {ergonomic}
   size_t MaxNewSize                               = 2544893952                                {product} {ergonomic}
   size_t MinHeapDeltaBytes                        = 1048576                                   {product} {ergonomic}
    uintx NonNMethodCodeHeapSize                   = 5830732                                {pd product} {ergonomic}
    uintx NonProfiledCodeHeapSize                  = 122913754                              {pd product} {ergonomic}
    uintx ProfiledCodeHeapSize                     = 122913754                              {pd product} {ergonomic}
    uintx ReservedCodeCacheSize                    = 251658240                              {pd product} {ergonomic}
     bool SegmentedCodeCache                       = true                                      {product} {ergonomic}
     bool UseCompressedClassPointers               = true                                 {lp64_product} {ergonomic}
     bool UseCompressedOops                        = true                                 {lp64_product} {ergonomic}
     bool UseG1GC                                  = true                                      {product} {ergonomic}
     bool UseLargePagesIndividualAllocation        = false                                  {pd product} {ergonomic}

Logging:
Log output configuration:
 #0: stdout all=warning uptime,level,tags
 #1: stderr all=off uptime,level,tags

Environment Variables:
JAVA_HOME=D:\javaEnvironment\java8\jdk8
CLASSPATH=D:\javaEnvironment\java8\jdk8\lib
PATH=E:\app\happy\product\11.2.0\dbhome_1\bin;F:\happy\oracle11\product\11.2.0\dbhome_1\bin;F:\happy\oracle\product\11.2.0\dbhome_1\bin;C:\WINDOWS\system32;C:\WINDOWS;C:\WINDOWS\System32\Wbem;C:\WINDOWS\System32\WindowsPowerShell\v1.0\;C:\WINDOWS\System32\OpenSSH\;C:\Program Files (x86)\ATI Technologies\ATI.ACE\Core-Static;E:\SVN\svn\bin;D:\GIT\Git\Git\cmd;D:\nodejs\;D:\javaEnvironment\java8\jdk8\bin;;E:\IDEA\IntelliJ IDEA 2021.1\bin;;F:\apache-maven-3.6.1\bin;C:\Users\happy\AppData\Roaming\npm
USERNAME=happy
OS=Windows_NT
PROCESSOR_IDENTIFIER=Intel64 Family 6 Model 158 Stepping 10, GenuineIntel



---------------  S Y S T E M  ---------------

OS: Windows 10 , 64 bit Build 19041 (10.0.19041.1151)

CPU:total 6 (initial active 6) (6 cores per cpu, 1 threads per core) family 6 model 158 stepping 10 microcode 0xb4, cmov, cx8, fxsr, mmx, sse, sse2, sse3, ssse3, sse4.1, sse4.2, popcnt, avx, avx2, aes, clmul, erms, rtm, 3dnowpref, lzcnt, tsc, tscinvbit, bmi1, bmi2, adx, fma

Memory: 4k page, system-wide physical 16180M (2166M free)
TotalPageFile size 35636M (AvailPageFile size 10499M)
current process WorkingSet (physical memory assigned to process): 56M, peak: 56M
current process commit charge ("private bytes"): 341M, peak: 341M

vm_info: Java HotSpot(TM) 64-Bit Server VM (11.0.10+8-LTS-162) for windows-amd64 JRE (11.0.10+8-LTS-162), built on Dec  8 2020 16:32:57 by "mach5one" with MS VC++ 15.9 (VS2017)

END.
