#
# A fatal error has been detected by the Java Runtime Environment:
#
#  EXCEPTION_ACCESS_VIOLATION (0xc0000005) at pc=0x000000018001205f, pid=16928, tid=0x0000000000004b64
#
# JRE version: Java(TM) SE Runtime Environment (8.0_202-b08) (build 1.8.0_202-b08)
# Java VM: Java HotSpot(TM) 64-Bit Server VM (25.202-b08 mixed mode windows-amd64 compressed oops)
# Problematic frame:
# C  [jacob-1.14.3-x64.dll+0x1205f]
#
# Failed to write core dump. Minidumps are not enabled by default on client versions of Windows
#
# If you would like to submit a bug report, please visit:
#   http://bugreport.java.com/bugreport/crash.jsp
# The crash happened outside the Java Virtual Machine in native code.
# See problematic frame for where to report the bug.
#

---------------  T H R E A D  ---------------

Current thread (0x00000000034d5800):  JavaThread "main" [_thread_in_native, id=19300, stack(0x0000000002ea0000,0x0000000002fa0000)]

siginfo: ExceptionCode=0xc0000005, reading address 0x0000000000000001

Registers:
RAX=0x0000000000000000, RBX=0x000000001fb46420, RCX=0x000000001fb46420, RDX=0x0000000002f9ed68
RSP=0x0000000002f9eca0, RBP=0x0000000002f9ed48, RSI=0x00000000034d59f8, RDI=0x0000000000000001
R8 =0x0000000000000000, R9 =0x000000076c33c2c8, R10=0x0000000000000004, R11=0x000000005d667940
R12=0x0000000000000000, R13=0x000000001c74bdc0, R14=0x0000000002f9ed70, R15=0x00000000034d5800
RIP=0x000000018001205f, EFLAGS=0x0000000000010202

Top of Stack: (sp=0x0000000002f9eca0)
0x0000000002f9eca0:   000000001fb46420 000000001fb46420
0x0000000002f9ecb0:   0000000002f9ed48 00000000034d59f8
0x0000000002f9ecc0:   00000000035d835d 00000000035e8c67
0x0000000002f9ecd0:   000000001c74bdc0 000000001c41b498
0x0000000002f9ece0:   00000000034d5800 000000001c74bdc0
0x0000000002f9ecf0:   000000001c41b498 00000000034d5800
0x0000000002f9ed00:   00000000035e8962 0000000002f9ed08
0x0000000002f9ed10:   000000001c74bdc0 0000000002f9ed70
0x0000000002f9ed20:   000000001c74e1b8 0000000000000000
0x0000000002f9ed30:   000000001c74bdc0 0000000000000000
0x0000000002f9ed40:   0000000002f9ed68 0000000002f9edb8
0x0000000002f9ed50:   00000000035d835d 0000000000000000
0x0000000002f9ed60:   00000000035e21d8 000000076c33c2c8
0x0000000002f9ed70:   000000076c33c3a8 0000000002f9ed78
0x0000000002f9ed80:   000000001c74af32 0000000002f9edd0
0x0000000002f9ed90:   000000001c74e1b8 0000000000000000 

Instructions: (pc=0x000000018001205f)
0x000000018001203f:   ff 48 85 c0 48 8b f8 74 30 48 85 db 74 2b 48 8b
0x000000018001204f:   cb ff 15 da 31 00 00 66 c7 03 09 00 48 89 7b 08
0x000000018001205f:   48 8b 17 48 8b cf 48 8b 5c 24 30 48 8b 74 24 38
0x000000018001206f:   48 83 c4 20 5f 48 ff 62 08 48 8d 15 b9 41 00 00 


Register to memory mapping:

RAX=0x0000000000000000 is an unknown value
RBX=0x000000001fb46420 is an unknown value
RCX=0x000000001fb46420 is an unknown value
RDX=0x0000000002f9ed68 is pointing into the stack for thread: 0x00000000034d5800
RSP=0x0000000002f9eca0 is pointing into the stack for thread: 0x00000000034d5800
RBP=0x0000000002f9ed48 is pointing into the stack for thread: 0x00000000034d5800
RSI=0x00000000034d59f8 is an unknown value
RDI=0x0000000000000001 is an unknown value
R8 =0x0000000000000000 is an unknown value
R9 =0x000000076c33c2c8 is an oop
java.io.FileInputStream 
 - klass: 'java/io/FileInputStream'
R10=0x0000000000000004 is an unknown value
R11=0x000000005d667940 is an unknown value
R12=0x0000000000000000 is an unknown value
R13={method} {0x000000001c74bdc8} 'putVariantDispatch' '(Ljava/lang/Object;)V' in 'com/jacob/com/Variant'
R14=0x0000000002f9ed70 is pointing into the stack for thread: 0x00000000034d5800
R15=0x00000000034d5800 is a thread


Stack: [0x0000000002ea0000,0x0000000002fa0000],  sp=0x0000000002f9eca0,  free space=1019k
Native frames: (J=compiled Java code, j=interpreted, Vv=VM code, C=native code)
C  [jacob-1.14.3-x64.dll+0x1205f]
C  0x00000000035e8c67

Java frames: (J=compiled Java code, j=interpreted, Vv=VM code)
j  com.jacob.com.Variant.putVariantDispatch(Ljava/lang/Object;)V+0
j  com.jacob.com.Variant.putObject(Ljava/lang/Object;)V+2
j  com.jacob.com.VariantUtilities.populateVariant(Lcom/jacob/com/Variant;Ljava/lang/Object;Z)V+511
j  com.jacob.com.VariantUtilities.objectToVariant(Ljava/lang/Object;)Lcom/jacob/com/Variant;+248
j  com.jacob.com.VariantUtilities.objectsToVariants([Ljava/lang/Object;)[Lcom/jacob/com/Variant;+19
j  com.jacob.com.Dispatch.callN(Lcom/jacob/com/Dispatch;Ljava/lang/String;[Ljava/lang/Object;)Lcom/jacob/com/Variant;+8
j  com.jacob.com.Dispatch.call(Lcom/jacob/com/Dispatch;Ljava/lang/String;Ljava/lang/Object;)Lcom/jacob/com/Variant;+14
j  com.happy.javautil.PrintTest.printWord(Ljava/io/File;Ljava/lang/String;)V+64
j  com.happy.javautil.PrintTest.main([Ljava/lang/String;)V+15
v  ~StubRoutines::call_stub

---------------  P R O C E S S  ---------------

Java Threads: ( => current thread )
  0x000000001eca9000 JavaThread "Service Thread" daemon [_thread_blocked, id=19684, stack(0x000000001f8a0000,0x000000001f9a0000)]
  0x000000001ea8f800 JavaThread "C1 CompilerThread2" daemon [_thread_blocked, id=16280, stack(0x000000001f7a0000,0x000000001f8a0000)]
  0x000000001ea8e800 JavaThread "C2 CompilerThread1" daemon [_thread_blocked, id=15884, stack(0x000000001f6a0000,0x000000001f7a0000)]
  0x000000001eca8800 JavaThread "C2 CompilerThread0" daemon [_thread_blocked, id=20044, stack(0x000000001f5a0000,0x000000001f6a0000)]
  0x000000001ea9e000 JavaThread "Monitor Ctrl-Break" daemon [_thread_in_native, id=15856, stack(0x000000001f4a0000,0x000000001f5a0000)]
  0x000000001cd25800 JavaThread "Attach Listener" daemon [_thread_blocked, id=19992, stack(0x000000001eba0000,0x000000001eca0000)]
  0x000000001cd24000 JavaThread "Signal Dispatcher" daemon [_thread_blocked, id=19528, stack(0x000000001eaa0000,0x000000001eba0000)]
  0x000000001ccfd800 JavaThread "Finalizer" daemon [_thread_blocked, id=14788, stack(0x000000001e5a0000,0x000000001e6a0000)]
  0x000000001ccfc000 JavaThread "Reference Handler" daemon [_thread_blocked, id=19168, stack(0x000000001e4a0000,0x000000001e5a0000)]
=>0x00000000034d5800 JavaThread "main" [_thread_in_native, id=19300, stack(0x0000000002ea0000,0x0000000002fa0000)]

Other Threads:
  0x000000001ccd8000 VMThread [stack: 0x000000001e3a0000,0x000000001e4a0000] [id=4056]
  0x000000001ea65000 WatcherThread [stack: 0x000000001f9a0000,0x000000001faa0000] [id=18064]

VM state:not at safepoint (normal execution)

VM Mutex/Monitor currently owned by a thread: None

heap address: 0x00000006c3200000, size: 4046 MB, Compressed Oops mode: Zero based, Oop shift amount: 3
Narrow klass base: 0x0000000000000000, Narrow klass shift: 3
Compressed class space size: 1073741824 Address: 0x00000007c0000000

Heap:
 PSYoungGen      total 75776K, used 9150K [0x000000076bb80000, 0x0000000771000000, 0x00000007c0000000)
  eden space 65024K, 14% used [0x000000076bb80000,0x000000076c46fa60,0x000000076fb00000)
  from space 10752K, 0% used [0x0000000770580000,0x0000000770580000,0x0000000771000000)
  to   space 10752K, 0% used [0x000000076fb00000,0x000000076fb00000,0x0000000770580000)
 ParOldGen       total 173568K, used 0K [0x00000006c3200000, 0x00000006cdb80000, 0x000000076bb80000)
  object space 173568K, 0% used [0x00000006c3200000,0x00000006c3200000,0x00000006cdb80000)
 Metaspace       used 4172K, capacity 4800K, committed 4864K, reserved 1056768K
  class space    used 445K, capacity 496K, committed 512K, reserved 1048576K

Card table byte_map: [0x0000000012990000,0x0000000013180000] byte_map_base: 0x000000000f377000

Marking Bits: (ParMarkBitMap*) 0x000000005d675ce0
 Begin Bits: [0x0000000013cd0000, 0x0000000017c08000)
 End Bits:   [0x0000000017c08000, 0x000000001bb40000)

Polling page: 0x00000000015d0000

CodeCache: size=245760Kb used=1469Kb max_used=1469Kb free=244290Kb
 bounds [0x00000000035d0000, 0x0000000003840000, 0x00000000125d0000]
 total_blobs=452 nmethods=150 adapters=215
 compilation: enabled

Compilation events (10 events):
Event: 3.243 Thread 0x000000001ea8f800  145       3       java.lang.Number::<init> (5 bytes)
Event: 3.243 Thread 0x000000001ea8f800 nmethod 145 0x000000000373db90 code [0x000000000373dce0, 0x000000000373de90]
Event: 3.271 Thread 0x000000001ea8f800  146       3       java.lang.ref.Finalizer::register (10 bytes)
Event: 3.272 Thread 0x000000001ea8f800 nmethod 146 0x000000000373df50 code [0x000000000373e0e0, 0x000000000373e508]
Event: 3.272 Thread 0x000000001ea8f800  147       3       java.lang.ref.Finalizer::<init> (23 bytes)
Event: 3.272 Thread 0x000000001ea8f800 nmethod 147 0x000000000373e6d0 code [0x000000000373e860, 0x000000000373ebe8]
Event: 3.272 Thread 0x000000001ea8f800  148       3       java.lang.ref.FinalReference::<init> (7 bytes)
Event: 3.272 Thread 0x000000001ea8f800 nmethod 148 0x000000000373ed50 code [0x000000000373eec0, 0x000000000373f170]
Event: 3.272 Thread 0x000000001ea8f800  149   !   3       java.lang.ref.Finalizer::add (41 bytes)
Event: 3.272 Thread 0x000000001ea8f800 nmethod 149 0x000000000373f250 code [0x000000000373f3c0, 0x000000000373f770]

GC Heap History (0 events):
No events

Deoptimization events (0 events):
No events

Classes redefined (0 events):
No events

Internal exceptions (7 events):
Event: 0.066 Thread 0x00000000034d5800 Exception <a 'java/lang/NoSuchMethodError': Method sun.misc.Unsafe.defineClass(Ljava/lang/String;[BII)Ljava/lang/Class; name or signature does not match> (0x000000076bb87cb0) thrown at [C:\re\workspace\8-2-build-windows-amd64-cygwin\jdk8u202\12323\hotspot
Event: 0.066 Thread 0x00000000034d5800 Exception <a 'java/lang/NoSuchMethodError': Method sun.misc.Unsafe.prefetchRead(Ljava/lang/Object;J)V name or signature does not match> (0x000000076bb87f98) thrown at [C:\re\workspace\8-2-build-windows-amd64-cygwin\jdk8u202\12323\hotspot\src\share\vm\prim
Event: 0.349 Thread 0x00000000034d5800 Exception <a 'java/security/PrivilegedActionException'> (0x000000076bfb4b98) thrown at [C:\re\workspace\8-2-build-windows-amd64-cygwin\jdk8u202\12323\hotspot\src\share\vm\prims\jvm.cpp, line 1502]
Event: 0.349 Thread 0x00000000034d5800 Exception <a 'java/security/PrivilegedActionException'> (0x000000076bfb4da8) thrown at [C:\re\workspace\8-2-build-windows-amd64-cygwin\jdk8u202\12323\hotspot\src\share\vm\prims\jvm.cpp, line 1502]
Event: 0.349 Thread 0x00000000034d5800 Exception <a 'java/security/PrivilegedActionException'> (0x000000076bfb7878) thrown at [C:\re\workspace\8-2-build-windows-amd64-cygwin\jdk8u202\12323\hotspot\src\share\vm\prims\jvm.cpp, line 1502]
Event: 0.349 Thread 0x00000000034d5800 Exception <a 'java/security/PrivilegedActionException'> (0x000000076bfb7a88) thrown at [C:\re\workspace\8-2-build-windows-amd64-cygwin\jdk8u202\12323\hotspot\src\share\vm\prims\jvm.cpp, line 1502]
Event: 3.273 Thread 0x00000000034d5800 Exception <a 'java/lang/NoSuchFieldError': m_pDispatch> (0x000000076c33cca0) thrown at [C:\re\workspace\8-2-build-windows-amd64-cygwin\jdk8u202\12323\hotspot\src\share\vm\prims\jni.cpp, line 2600]

Events (10 events):
Event: 3.241 loading class com/jacob/com/SafeArray
Event: 3.241 loading class com/jacob/com/SafeArray done
Event: 3.242 loading class java/math/BigDecimal
Event: 3.242 loading class java/math/BigDecimal done
Event: 3.242 loading class java/math/BigInteger
Event: 3.243 loading class java/math/BigInteger done
Event: 3.243 loading class java/math/BigDecimal$1
Event: 3.243 loading class java/math/BigDecimal$1 done
Event: 3.273 loading class java/lang/NoSuchFieldError
Event: 3.273 loading class java/lang/NoSuchFieldError done


Dynamic libraries:
0x00007ff790870000 - 0x00007ff7908a7000 	D:\javaEnvironment\java8202\bin\java.exe
0x00007ffbaa2f0000 - 0x00007ffbaa4e5000 	C:\WINDOWS\SYSTEM32\ntdll.dll
0x00007ffba9f60000 - 0x00007ffbaa01d000 	C:\WINDOWS\System32\KERNEL32.DLL
0x00007ffba7df0000 - 0x00007ffba80b9000 	C:\WINDOWS\System32\KERNELBASE.dll
0x00007ffba83b0000 - 0x00007ffba845c000 	C:\WINDOWS\System32\ADVAPI32.dll
0x00007ffba87e0000 - 0x00007ffba887e000 	C:\WINDOWS\System32\msvcrt.dll
0x00007ffba8490000 - 0x00007ffba852b000 	C:\WINDOWS\System32\sechost.dll
0x00007ffbaa020000 - 0x00007ffbaa14a000 	C:\WINDOWS\System32\RPCRT4.dll
0x00007ffba89e0000 - 0x00007ffba8b80000 	C:\WINDOWS\System32\USER32.dll
0x00007ffba7a20000 - 0x00007ffba7a42000 	C:\WINDOWS\System32\win32u.dll
0x00007ffba8460000 - 0x00007ffba848a000 	C:\WINDOWS\System32\GDI32.dll
0x00007ffba81e0000 - 0x00007ffba82eb000 	C:\WINDOWS\System32\gdi32full.dll
0x00007ffba8140000 - 0x00007ffba81dd000 	C:\WINDOWS\System32\msvcp_win.dll
0x00007ffba7b00000 - 0x00007ffba7c00000 	C:\WINDOWS\System32\ucrtbase.dll
0x00007ffb95780000 - 0x00007ffb95a1a000 	C:\WINDOWS\WinSxS\amd64_microsoft.windows.common-controls_6595b64144ccf1df_6.0.19041.1110_none_60b5254171f9507e\COMCTL32.dll
0x00007ffba8680000 - 0x00007ffba86b0000 	C:\WINDOWS\System32\IMM32.DLL
0x000000005d700000 - 0x000000005d7d2000 	D:\javaEnvironment\java8202\jre\bin\msvcr100.dll
0x000000005ce50000 - 0x000000005d6f5000 	D:\javaEnvironment\java8202\jre\bin\server\jvm.dll
0x00007ffba8960000 - 0x00007ffba8968000 	C:\WINDOWS\System32\PSAPI.DLL
0x00007ffb9b410000 - 0x00007ffb9b437000 	C:\WINDOWS\SYSTEM32\WINMM.dll
0x00007ffb95770000 - 0x00007ffb95779000 	C:\WINDOWS\SYSTEM32\WSOCK32.dll
0x00007ffba0e50000 - 0x00007ffba0e5a000 	C:\WINDOWS\SYSTEM32\VERSION.dll
0x00007ffba8970000 - 0x00007ffba89db000 	C:\WINDOWS\System32\WS2_32.dll
0x00007ffb83100000 - 0x00007ffb8310f000 	D:\javaEnvironment\java8202\jre\bin\verify.dll
0x00007ffb830d0000 - 0x00007ffb830f9000 	D:\javaEnvironment\java8202\jre\bin\java.dll
0x00007ffb78ed0000 - 0x00007ffb78ef3000 	D:\javaEnvironment\java8202\jre\bin\instrument.dll
0x00007ffb78f00000 - 0x00007ffb78f16000 	D:\javaEnvironment\java8202\jre\bin\zip.dll
0x00007ffba9480000 - 0x00007ffba9bbf000 	C:\WINDOWS\System32\SHELL32.dll
0x00007ffba5b50000 - 0x00007ffba62e0000 	C:\WINDOWS\SYSTEM32\windows.storage.dll
0x00007ffba8b80000 - 0x00007ffba8ed5000 	C:\WINDOWS\System32\combase.dll
0x00007ffba73b0000 - 0x00007ffba73dc000 	C:\WINDOWS\SYSTEM32\Wldp.dll
0x00007ffba8550000 - 0x00007ffba85fe000 	C:\WINDOWS\System32\SHCORE.dll
0x00007ffbaa160000 - 0x00007ffbaa1b5000 	C:\WINDOWS\System32\shlwapi.dll
0x00007ffba7960000 - 0x00007ffba797f000 	C:\WINDOWS\SYSTEM32\profapi.dll
0x00007ffb61560000 - 0x00007ffb6157a000 	E:\202003idea\IntelliJ IDEA 2020.3.3\bin\breakgen64.dll
0x00007ffb62510000 - 0x00007ffb6252a000 	D:\javaEnvironment\java8202\jre\bin\net.dll
0x00007ffb9c2f0000 - 0x00007ffb9c4dc000 	C:\WINDOWS\SYSTEM32\urlmon.dll
0x00007ffb9c010000 - 0x00007ffb9c2c0000 	C:\WINDOWS\SYSTEM32\iertutil.dll
0x00007ffb9c2c0000 - 0x00007ffb9c2e8000 	C:\WINDOWS\SYSTEM32\srvcli.dll
0x00007ffba6f60000 - 0x00007ffba6f6c000 	C:\WINDOWS\SYSTEM32\netutils.dll
0x00007ffba7110000 - 0x00007ffba717a000 	C:\WINDOWS\system32\mswsock.dll
0x0000000180000000 - 0x0000000180021000 	D:\javaEnvironment\java8202\bin\jacob-1.14.3-x64.dll
0x00007ffba86b0000 - 0x00007ffba87da000 	C:\WINDOWS\System32\ole32.dll
0x00007ffba8880000 - 0x00007ffba894d000 	C:\WINDOWS\System32\OLEAUT32.dll
0x000000005e5f0000 - 0x000000005e6b9000 	C:\WINDOWS\WinSxS\amd64_microsoft.vc80.crt_1fc8b3b9a1e18e3b_8.0.50727.9672_none_88e266cb2fac7c0d\MSVCR80.dll
0x00007ffba5950000 - 0x00007ffba5962000 	C:\WINDOWS\SYSTEM32\kernel.appcore.dll
0x00007ffba7c00000 - 0x00007ffba7c83000 	C:\WINDOWS\System32\bcryptPrimitives.dll
0x00007ffba5490000 - 0x00007ffba552e000 	C:\WINDOWS\system32\uxtheme.dll
0x00007ffba9e50000 - 0x00007ffba9ef9000 	C:\WINDOWS\System32\clbcatq.dll
0x00007ffb95a20000 - 0x00007ffb95c04000 	C:\WINDOWS\SYSTEM32\dbghelp.dll

VM Arguments:
jvm_args: -javaagent:E:\202003idea\IntelliJ IDEA 2020.3.3\lib\idea_rt.jar=52844:E:\202003idea\IntelliJ IDEA 2020.3.3\bin -Dfile.encoding=UTF-8 
java_command: com.happy.javautil.PrintTest
java_class_path (initial): D:\javaEnvironment\java8202\jre\lib\charsets.jar;D:\javaEnvironment\java8202\jre\lib\deploy.jar;D:\javaEnvironment\java8202\jre\lib\ext\access-bridge-64.jar;D:\javaEnvironment\java8202\jre\lib\ext\cldrdata.jar;D:\javaEnvironment\java8202\jre\lib\ext\dnsns.jar;D:\javaEnvironment\java8202\jre\lib\ext\jaccess.jar;D:\javaEnvironment\java8202\jre\lib\ext\jfxrt.jar;D:\javaEnvironment\java8202\jre\lib\ext\localedata.jar;D:\javaEnvironment\java8202\jre\lib\ext\nashorn.jar;D:\javaEnvironment\java8202\jre\lib\ext\sunec.jar;D:\javaEnvironment\java8202\jre\lib\ext\sunjce_provider.jar;D:\javaEnvironment\java8202\jre\lib\ext\sunmscapi.jar;D:\javaEnvironment\java8202\jre\lib\ext\sunpkcs11.jar;D:\javaEnvironment\java8202\jre\lib\ext\zipfs.jar;D:\javaEnvironment\java8202\jre\lib\javaws.jar;D:\javaEnvironment\java8202\jre\lib\jce.jar;D:\javaEnvironment\java8202\jre\lib\jfr.jar;D:\javaEnvironment\java8202\jre\lib\jfxswt.jar;D:\javaEnvironment\java8202\jre\lib\jsse.jar;D:\javaEnvironment\java8202\jre\lib\management-agent.jar;D:\javaEnvironment\java8202\jre\lib\plugin.jar;D:\javaEnvironment\java8202\jre\lib\resources.jar;D:\javaEnvironment\java8202\jre\lib\rt.jar;F:\happy\workspace\study\javautil\target\test-classes;F:\happy\workspace\study\javautil\target\classes;E:\repository\com\alibaba\fastjson\1.2.46\fastjson-1.2.46.jar;E:\repository\org\springframework\boot\spring-boot-starter-web\2.4.5\spring-boot-starter-web-2.4.5.jar;E:\repository\org\springframework\boot\spring-boot-starter-json\2.4.5\spring-boot-starter-json-2.4.5.jar;E:\repository\com\fasterxml\jackson\core\jackson-databind\2.11.4\jackson-databind-2.11.4.jar;E:\repository\com\fasterxml\jackson\core\jackson-annotations\2.11.4\jackson-annotations-2.11.4.jar;E:\repository\com\fasterxml\jackson\core\jackson-core\2.11.4\jackson-core-2.11.4.jar;E:\repository\com\fasterxml\jackson\datatype\jackson-datatype-jdk8\2.11.4\jackson-datatype-jdk8-2.11.4.jar;E:\repository\com\fasterxml\jackson\datatype\jackson-
Launcher Type: SUN_STANDARD

Environment Variables:
JAVA_HOME=D:\javaEnvironment\java8\jdk8
CLASSPATH=D:\javaEnvironment\java8\jdk8\lib
PATH=E:\app\happy\product\11.2.0\dbhome_1\bin;F:\happy\oracle11\product\11.2.0\dbhome_1\bin;F:\happy\oracle\product\11.2.0\dbhome_1\bin;C:\WINDOWS\system32;C:\WINDOWS;C:\WINDOWS\System32\Wbem;C:\WINDOWS\System32\WindowsPowerShell\v1.0\;C:\WINDOWS\System32\OpenSSH\;C:\Program Files (x86)\ATI Technologies\ATI.ACE\Core-Static;E:\SVN\svn\bin;D:\GIT\Git\Git\cmd;D:\nodejs\;D:\javaEnvironment\java8\jdk8\bin;;E:\IDEA\IntelliJ IDEA 2021.1\bin;;F:\apache-maven-3.6.1\bin;C:\Users\happy\AppData\Roaming\npm
USERNAME=happy
OS=Windows_NT
PROCESSOR_IDENTIFIER=Intel64 Family 6 Model 158 Stepping 10, GenuineIntel



---------------  S Y S T E M  ---------------

OS: Windows 10.0 , 64 bit Build 19041 (10.0.19041.1151)

CPU:total 6 (initial active 6) (6 cores per cpu, 1 threads per core) family 6 model 158 stepping 10, cmov, cx8, fxsr, mmx, sse, sse2, sse3, ssse3, sse4.1, sse4.2, popcnt, avx, avx2, aes, clmul, erms, rtm, 3dnowpref, lzcnt, tsc, tscinvbit, bmi1, bmi2, adx

Memory: 4k page, physical 16568524k(1842480k free), swap 36491468k(11455944k free)

vm_info: Java HotSpot(TM) 64-Bit Server VM (25.202-b08) for windows-amd64 JRE (1.8.0_202-b08), built on Dec 15 2018 19:54:30 by "java_re" with MS VC++ 10.0 (VS2010)

time: Wed Sep 08 16:25:53 2021
timezone: 中国标准时间
elapsed time: 3 seconds (0d 0h 0m 3s)

